# Download the sarif files and CodeQL dbs when finished
./gh-mrva download --session mirva-session-$SN \
   --download-dbs \
   --output-dir mirva-session-$SN-sarif \
   >& log-download-$SN.log &
sleep 1 && em log-download-$SN.log 

2024/02/14 10:24:58 >> GET https://api.github.com/repos/hohn/mirva-controller/code-scanning/codeql/variant-analyses/9057
2024/02/14 10:24:59 << 200 https://api.github.com/repos/hohn/mirva-controller/code-scanning/codeql/variant-analyses/9057
2024/02/14 10:24:59 >> response body: {
    "id": 9057,
    "controller_repo": {
        "id": 747492529,
        "node_id": "R_kgDOLI3UsQ",
        "name": "mirva-controller",
        "full_name": "hohn/mirva-controller",
        "private": false,
        "owner": {
            "login": "hohn",
            "id": 2253228,
            "node_id": "MDQ6VXNlcjIyNTMyMjg=",
            "avatar_url": "https://avatars.githubusercontent.com/u/2253228?v=4",
            "gravatar_id": "",
            "url": "https://api.github.com/users/hohn",
            "html_url": "https://github.com/hohn",
            "followers_url": "https://api.github.com/users/hohn/followers",
            "following_url": "https://api.github.com/users/hohn/following{/other_user}",
            "gists_url": "https://api.github.com/users/hohn/gists{/gist_id}",
            "starred_url": "https://api.github.com/users/hohn/starred{/owner}{/repo}",
            "subscriptions_url": "https://api.github.com/users/hohn/subscriptions",
            "organizations_url": "https://api.github.com/users/hohn/orgs",
            "repos_url": "https://api.github.com/users/hohn/repos",
            "events_url": "https://api.github.com/users/hohn/events{/privacy}",
            "received_events_url": "https://api.github.com/users/hohn/received_events",
            "type": "User",
            "site_admin": true
        },
        "html_url": "https://github.com/hohn/mirva-controller",
        "description": "Controller for MRVA",
        "fork": false,
        "url": "https://api.github.com/repos/hohn/mirva-controller",
        "forks_url": "https://api.github.com/repos/hohn/mirva-controller/forks",
        "keys_url": "https://api.github.com/repos/hohn/mirva-controller/keys{/key_id}",
        "collaborators_url": "https://api.github.com/repos/hohn/mirva-controller/collaborators{/collaborator}",
        "teams_url": "https://api.github.com/repos/hohn/mirva-controller/teams",
        "hooks_url": "https://api.github.com/repos/hohn/mirva-controller/hooks",
        "issue_events_url": "https://api.github.com/repos/hohn/mirva-controller/issues/events{/number}",
        "events_url": "https://api.github.com/repos/hohn/mirva-controller/events",
        "assignees_url": "https://api.github.com/repos/hohn/mirva-controller/assignees{/user}",
        "branches_url": "https://api.github.com/repos/hohn/mirva-controller/branches{/branch}",
        "tags_url": "https://api.github.com/repos/hohn/mirva-controller/tags",
        "blobs_url": "https://api.github.com/repos/hohn/mirva-controller/git/blobs{/sha}",
        "git_tags_url": "https://api.github.com/repos/hohn/mirva-controller/git/tags{/sha}",
        "git_refs_url": "https://api.github.com/repos/hohn/mirva-controller/git/refs{/sha}",
        "trees_url": "https://api.github.com/repos/hohn/mirva-controller/git/trees{/sha}",
        "statuses_url": "https://api.github.com/repos/hohn/mirva-controller/statuses/{sha}",
        "languages_url": "https://api.github.com/repos/hohn/mirva-controller/languages",
        "stargazers_url": "https://api.github.com/repos/hohn/mirva-controller/stargazers",
        "contributors_url": "https://api.github.com/repos/hohn/mirva-controller/contributors",
        "subscribers_url": "https://api.github.com/repos/hohn/mirva-controller/subscribers",
        "subscription_url": "https://api.github.com/repos/hohn/mirva-controller/subscription",
        "commits_url": "https://api.github.com/repos/hohn/mirva-controller/commits{/sha}",
        "git_commits_url": "https://api.github.com/repos/hohn/mirva-controller/git/commits{/sha}",
        "comments_url": "https://api.github.com/repos/hohn/mirva-controller/comments{/number}",
        "issue_comment_url": "https://api.github.com/repos/hohn/mirva-controller/issues/comments{/number}",
        "contents_url": "https://api.github.com/repos/hohn/mirva-controller/contents/{+path}",
        "compare_url": "https://api.github.com/repos/hohn/mirva-controller/compare/{base}...{head}",
        "merges_url": "https://api.github.com/repos/hohn/mirva-controller/merges",
        "archive_url": "https://api.github.com/repos/hohn/mirva-controller/{archive_format}{/ref}",
        "downloads_url": "https://api.github.com/repos/hohn/mirva-controller/downloads",
        "issues_url": "https://api.github.com/repos/hohn/mirva-controller/issues{/number}",
        "pulls_url": "https://api.github.com/repos/hohn/mirva-controller/pulls{/number}",
        "milestones_url": "https://api.github.com/repos/hohn/mirva-controller/milestones{/number}",
        "notifications_url": "https://api.github.com/repos/hohn/mirva-controller/notifications{?since,all,participating}",
        "labels_url": "https://api.github.com/repos/hohn/mirva-controller/labels{/name}",
        "releases_url": "https://api.github.com/repos/hohn/mirva-controller/releases{/id}",
        "deployments_url": "https://api.github.com/repos/hohn/mirva-controller/deployments"
    },
    "actor": {
        "login": "hohn",
        "id": 2253228,
        "node_id": "MDQ6VXNlcjIyNTMyMjg=",
        "avatar_url": "https://avatars.githubusercontent.com/u/2253228?v=4",
        "gravatar_id": "",
        "url": "https://api.github.com/users/hohn",
        "html_url": "https://github.com/hohn",
        "followers_url": "https://api.github.com/users/hohn/followers",
        "following_url": "https://api.github.com/users/hohn/following{/other_user}",
        "gists_url": "https://api.github.com/users/hohn/gists{/gist_id}",
        "starred_url": "https://api.github.com/users/hohn/starred{/owner}{/repo}",
        "subscriptions_url": "https://api.github.com/users/hohn/subscriptions",
        "organizations_url": "https://api.github.com/users/hohn/orgs",
        "repos_url": "https://api.github.com/users/hohn/repos",
        "events_url": "https://api.github.com/users/hohn/events{/privacy}",
        "received_events_url": "https://api.github.com/users/hohn/received_events",
        "type": "User",
        "site_admin": true
    },
    "query_language": "cpp",
    "query_pack_url": "https://objects-origin.githubusercontent.com/codeql-query-console/variant_analyses/9057/query_pack?X-Amz-Algorithm=AWS4-HMAC-SHA256&X-Amz-Credential=queryconsoleprod%2F20240214%2Fus-east-1%2Fs3%2Faws4_request&X-Amz-Date=20240214T182502Z&X-Amz-Expires=3600&X-Amz-Signature=358708ffa036e8ed111c50b12e5675251b07bbb87da6fb9a96c37bedcefa79a6&X-Amz-SignedHeaders=host",
    "created_at": "2024-02-14T18:20:18Z",
    "updated_at": "2024-02-14T18:20:20Z",
    "actions_workflow_run_id": 7905636179,
    "completed_at": "2024-02-14T18:21:04Z",
    "status": "succeeded",
    "scanned_repositories": [
        {
            "repository": {
                "id": 19953044,
                "name": "flatbuffers",
                "full_name": "google/flatbuffers",
                "private": false,
                "stargazers_count": 21735,
                "updated_at": "2024-02-14T13:32:01Z"
            },
            "analysis_status": "succeeded",
            "result_count": 1,
            "artifact_size_in_bytes": 1326
        }
    ],
    "skipped_repositories": {
        "access_mismatch_repos": {
            "repository_count": 0,
            "repositories": []
        },
        "not_found_repos": {
            "repository_count": 0,
            "repository_full_names": []
        },
        "no_codeql_db_repos": {
            "repository_count": 0,
            "repositories": []
        },
        "over_limit_repos": {
            "repository_count": 0,
            "repositories": []
        }
    }
}
Downloading artifacts for google_flatbuffers_9057
Downloading database google/flatbuffers cpp mirva-session-60-sarif google_flatbuffers_9057
2024/02/14 10:24:59 >> GET https://api.github.com/repos/hohn/mirva-controller/code-scanning/codeql/variant-analyses/9057/repos/google/flatbuffers
2024/02/14 10:24:59 >> GET https://api.github.com/repos/google/flatbuffers/code-scanning/codeql/databases/cpp
2024/02/14 10:24:59 << 302 https://api.github.com/repos/google/flatbuffers/code-scanning/codeql/databases/cpp
2024/02/14 10:24:59 >> response body: {
    "message": "Moved Permanently",
    "url": "https://objects-origin.githubusercontent.com/codeql-query-console/database/19953044/cpp/7dbb127d-66a6-4ced-bde5-efd28718f94b?X-Amz-Algorithm=AWS4-HMAC-SHA256&X-Amz-Credential=queryconsoleprod%2F20240214%2Fus-east-1%2Fs3%2Faws4_request&X-Amz-Date=20240214T182503Z&X-Amz-Expires=300&X-Amz-Signature=05a8e2de90ca51b80222348bd7760f3e5d54552966c66e4d520d3511f30455f6&X-Amz-SignedHeaders=host&actor_id=2253228&key_id=0&repo_id=19953044",
    "documentation_url": "https://docs.github.com/rest/guides/best-practices-for-using-the-rest-api#follow-redirects"
}
2024/02/14 10:24:59 >> GET https://objects-origin.githubusercontent.com/codeql-query-console/database/19953044/cpp/7dbb127d-66a6-4ced-bde5-efd28718f94b?X-Amz-Algorithm=AWS4-HMAC-SHA256&X-Amz-Credential=queryconsoleprod%2F20240214%2Fus-east-1%2Fs3%2Faws4_request&X-Amz-Date=20240214T182503Z&X-Amz-Expires=300&X-Amz-Signature=05a8e2de90ca51b80222348bd7760f3e5d54552966c66e4d520d3511f30455f6&X-Amz-SignedHeaders=host&actor_id=2253228&key_id=0&repo_id=19953044
2024/02/14 10:24:59 << 200 https://api.github.com/repos/hohn/mirva-controller/code-scanning/codeql/variant-analyses/9057/repos/google/flatbuffers
2024/02/14 10:24:59 >> response body: {
    "repository": {
        "id": 19953044,
        "node_id": "MDEwOlJlcG9zaXRvcnkxOTk1MzA0NA==",
        "name": "flatbuffers",
        "full_name": "google/flatbuffers",
        "private": false,
        "owner": {
            "login": "google",
            "id": 1342004,
            "node_id": "MDEyOk9yZ2FuaXphdGlvbjEzNDIwMDQ=",
            "avatar_url": "https://avatars.githubusercontent.com/u/1342004?v=4",
            "gravatar_id": "",
            "url": "https://api.github.com/users/google",
            "html_url": "https://github.com/google",
            "followers_url": "https://api.github.com/users/google/followers",
            "following_url": "https://api.github.com/users/google/following{/other_user}",
            "gists_url": "https://api.github.com/users/google/gists{/gist_id}",
            "starred_url": "https://api.github.com/users/google/starred{/owner}{/repo}",
            "subscriptions_url": "https://api.github.com/users/google/subscriptions",
            "organizations_url": "https://api.github.com/users/google/orgs",
            "repos_url": "https://api.github.com/users/google/repos",
            "events_url": "https://api.github.com/users/google/events{/privacy}",
            "received_events_url": "https://api.github.com/users/google/received_events",
            "type": "Organization",
            "site_admin": false
        },
        "html_url": "https://github.com/google/flatbuffers",
        "description": "FlatBuffers: Memory Efficient Serialization Library",
        "fork": false,
        "url": "https://api.github.com/repos/google/flatbuffers",
        "forks_url": "https://api.github.com/repos/google/flatbuffers/forks",
        "keys_url": "https://api.github.com/repos/google/flatbuffers/keys{/key_id}",
        "collaborators_url": "https://api.github.com/repos/google/flatbuffers/collaborators{/collaborator}",
        "teams_url": "https://api.github.com/repos/google/flatbuffers/teams",
        "hooks_url": "https://api.github.com/repos/google/flatbuffers/hooks",
        "issue_events_url": "https://api.github.com/repos/google/flatbuffers/issues/events{/number}",
        "events_url": "https://api.github.com/repos/google/flatbuffers/events",
        "assignees_url": "https://api.github.com/repos/google/flatbuffers/assignees{/user}",
        "branches_url": "https://api.github.com/repos/google/flatbuffers/branches{/branch}",
        "tags_url": "https://api.github.com/repos/google/flatbuffers/tags",
        "blobs_url": "https://api.github.com/repos/google/flatbuffers/git/blobs{/sha}",
        "git_tags_url": "https://api.github.com/repos/google/flatbuffers/git/tags{/sha}",
        "git_refs_url": "https://api.github.com/repos/google/flatbuffers/git/refs{/sha}",
        "trees_url": "https://api.github.com/repos/google/flatbuffers/git/trees{/sha}",
        "statuses_url": "https://api.github.com/repos/google/flatbuffers/statuses/{sha}",
        "languages_url": "https://api.github.com/repos/google/flatbuffers/languages",
        "stargazers_url": "https://api.github.com/repos/google/flatbuffers/stargazers",
        "contributors_url": "https://api.github.com/repos/google/flatbuffers/contributors",
        "subscribers_url": "https://api.github.com/repos/google/flatbuffers/subscribers",
        "subscription_url": "https://api.github.com/repos/google/flatbuffers/subscription",
        "commits_url": "https://api.github.com/repos/google/flatbuffers/commits{/sha}",
        "git_commits_url": "https://api.github.com/repos/google/flatbuffers/git/commits{/sha}",
        "comments_url": "https://api.github.com/repos/google/flatbuffers/comments{/number}",
        "issue_comment_url": "https://api.github.com/repos/google/flatbuffers/issues/comments{/number}",
        "contents_url": "https://api.github.com/repos/google/flatbuffers/contents/{+path}",
        "compare_url": "https://api.github.com/repos/google/flatbuffers/compare/{base}...{head}",
        "merges_url": "https://api.github.com/repos/google/flatbuffers/merges",
        "archive_url": "https://api.github.com/repos/google/flatbuffers/{archive_format}{/ref}",
        "downloads_url": "https://api.github.com/repos/google/flatbuffers/downloads",
        "issues_url": "https://api.github.com/repos/google/flatbuffers/issues{/number}",
        "pulls_url": "https://api.github.com/repos/google/flatbuffers/pulls{/number}",
        "milestones_url": "https://api.github.com/repos/google/flatbuffers/milestones{/number}",
        "notifications_url": "https://api.github.com/repos/google/flatbuffers/notifications{?since,all,participating}",
        "labels_url": "https://api.github.com/repos/google/flatbuffers/labels{/name}",
        "releases_url": "https://api.github.com/repos/google/flatbuffers/releases{/id}",
        "deployments_url": "https://api.github.com/repos/google/flatbuffers/deployments"
    },
    "analysis_status": "succeeded",
    "result_count": 1,
    "artifact_size_in_bytes": 1326,
    "database_commit_sha": "dbce69c63b0f3cee8f6d9521479fd3b087338314",
    "source_location_prefix": "/home/runner/work/flatbuffers/flatbuffers",
    "artifact_url": "https://objects-origin.githubusercontent.com/codeql-query-console/codeql-variant-analysis-repo-tasks/9057/19953044/a9f252cb-e9ac-4970-8b15-7997b2574052?X-Amz-Algorithm=AWS4-HMAC-SHA256&X-Amz-Credential=queryconsoleprod%2F20240214%2Fus-east-1%2Fs3%2Faws4_request&X-Amz-Date=20240214T182503Z&X-Amz-Expires=300&X-Amz-Signature=b6934b731568e48a718b51b7e79155a5f1a470b6f1c2aacb2cd717991ae9cd44&X-Amz-SignedHeaders=host&actor_id=2253228&key_id=0&repo_id=747492529"
}
2024/02/14 10:24:59 >> GET https://objects-origin.githubusercontent.com/codeql-query-console/codeql-variant-analysis-repo-tasks/9057/19953044/a9f252cb-e9ac-4970-8b15-7997b2574052?X-Amz-Algorithm=AWS4-HMAC-SHA256&X-Amz-Credential=queryconsoleprod%2F20240214%2Fus-east-1%2Fs3%2Faws4_request&X-Amz-Date=20240214T182503Z&X-Amz-Expires=300&X-Amz-Signature=b6934b731568e48a718b51b7e79155a5f1a470b6f1c2aacb2cd717991ae9cd44&X-Amz-SignedHeaders=host&actor_id=2253228&key_id=0&repo_id=747492529
2024/02/14 10:24:59 << 307 https://objects-origin.githubusercontent.com/codeql-query-console/database/19953044/cpp/7dbb127d-66a6-4ced-bde5-efd28718f94b?X-Amz-Algorithm=AWS4-HMAC-SHA256&X-Amz-Credential=queryconsoleprod%2F20240214%2Fus-east-1%2Fs3%2Faws4_request&X-Amz-Date=20240214T182503Z&X-Amz-Expires=300&X-Amz-Signature=05a8e2de90ca51b80222348bd7760f3e5d54552966c66e4d520d3511f30455f6&X-Amz-SignedHeaders=host&actor_id=2253228&key_id=0&repo_id=19953044
2024/02/14 10:24:59 >> response body: <a href="https://queryconsoleprod.blob.core.windows.net/github-codeql-query-console-prod/database/19953044/cpp/7dbb127d-66a6-4ced-bde5-efd28718f94b?se=2024-02-14T18%3A35%3A03Z&amp;sig=C7u6fwWf0JhO0Pj07URHtk3H5yDPXzTjSTzWe5ncQng%3D&amp;sp=r&amp;spr=https&amp;sr=b&amp;sv=2020-10-02">Temporary Redirect</a>.

2024/02/14 10:24:59 << 307 https://objects-origin.githubusercontent.com/codeql-query-console/codeql-variant-analysis-repo-tasks/9057/19953044/a9f252cb-e9ac-4970-8b15-7997b2574052?X-Amz-Algorithm=AWS4-HMAC-SHA256&X-Amz-Credential=queryconsoleprod%2F20240214%2Fus-east-1%2Fs3%2Faws4_request&X-Amz-Date=20240214T182503Z&X-Amz-Expires=300&X-Amz-Signature=b6934b731568e48a718b51b7e79155a5f1a470b6f1c2aacb2cd717991ae9cd44&X-Amz-SignedHeaders=host&actor_id=2253228&key_id=0&repo_id=747492529
2024/02/14 10:24:59 >> GET https://queryconsoleprod.blob.core.windows.net/github-codeql-query-console-prod/database/19953044/cpp/7dbb127d-66a6-4ced-bde5-efd28718f94b?se=2024-02-14T18%3A35%3A03Z&sig=C7u6fwWf0JhO0Pj07URHtk3H5yDPXzTjSTzWe5ncQng%3D&sp=r&spr=https&sr=b&sv=2020-10-02
2024/02/14 10:24:59 >> response body: <a href="https://queryconsoleprod.blob.core.windows.net/github-codeql-query-console-prod/codeql-variant-analysis-repo-tasks/9057/19953044/a9f252cb-e9ac-4970-8b15-7997b2574052?se=2024-02-14T18%3A35%3A03Z&amp;sig=T%2B6l%2Bg%2FNG88cmwlylOj1anvENN6bdgI8aK2%2BQfhiuZs%3D&amp;sp=r&amp;spr=https&amp;sr=b&amp;sv=2020-10-02">Temporary Redirect</a>.

2024/02/14 10:24:59 >> GET https://queryconsoleprod.blob.core.windows.net/github-codeql-query-console-prod/codeql-variant-analysis-repo-tasks/9057/19953044/a9f252cb-e9ac-4970-8b15-7997b2574052?se=2024-02-14T18%3A35%3A03Z&sig=T%2B6l%2Bg%2FNG88cmwlylOj1anvENN6bdgI8aK2%2BQfhiuZs%3D&sp=r&spr=https&sr=b&sv=2020-10-02
2024/02/14 10:25:00 << 200 https://queryconsoleprod.blob.core.windows.net/github-codeql-query-console-prod/codeql-variant-analysis-repo-tasks/9057/19953044/a9f252cb-e9ac-4970-8b15-7997b2574052?se=2024-02-14T18%3A35%3A03Z&sig=T%2B6l%2Bg%2FNG88cmwlylOj1anvENN6bdgI8aK2%2BQfhiuZs%3D&sp=r&spr=https&sr=b&sv=2020-10-02
2024/02/14 10:25:00 >> response body:
2024/02/14 10:25:00 zip file, contents:
2024/02/14 10:25:00 	results.sarif
2024/02/14 10:25:00 	results.bqrs
Downloaded [mirva-session-60-sarif/google_flatbuffers_9057.sarif mirva-session-60-sarif/google_flatbuffers_9057.bqrs]
Downloaded artifact for google/flatbuffers (1/2)
2024/02/14 10:25:00 << 200 https://queryconsoleprod.blob.core.windows.net/github-codeql-query-console-prod/database/19953044/cpp/7dbb127d-66a6-4ced-bde5-efd28718f94b?se=2024-02-14T18%3A35%3A03Z&sig=C7u6fwWf0JhO0Pj07URHtk3H5yDPXzTjSTzWe5ncQng%3D&sp=r&spr=https&sr=b&sv=2020-10-02
2024/02/14 10:25:03 >> response body:
2024/02/14 10:25:03 zip file, contents:
2024/02/14 10:25:03 	cpp/.dbinfo
2024/02/14 10:25:03 	cpp/codeql-database.yml
2024/02/14 10:25:03 	cpp/src.zip
2024/02/14 10:25:03 	cpp/db-cpp/semmlecode.cpp.dbscheme
2024/02/14 10:25:03 	cpp/db-cpp/semmlecode.cpp.dbscheme.stats
2024/02/14 10:25:03 	cpp/db-cpp/default/affectedbymacroexpansion.rel
2024/02/14 10:25:03 	cpp/db-cpp/default/affectedbymacroexpansion.rel.checksum
2024/02/14 10:25:03 	cpp/db-cpp/default/aggregate_array_init.rel
2024/02/14 10:25:03 	cpp/db-cpp/default/aggregate_array_init.rel.checksum
2024/02/14 10:25:03 	cpp/db-cpp/default/aggregate_field_init.rel
2024/02/14 10:25:03 	cpp/db-cpp/default/aggregate_field_init.rel.checksum
2024/02/14 10:25:03 	cpp/db-cpp/default/arraysizes.rel
2024/02/14 10:25:03 	cpp/db-cpp/default/arraysizes.rel.checksum
2024/02/14 10:25:03 	cpp/db-cpp/default/attribute_arg_constant.rel
2024/02/14 10:25:03 	cpp/db-cpp/default/attribute_arg_constant.rel.checksum
2024/02/14 10:25:03 	cpp/db-cpp/default/attribute_arg_type.rel
2024/02/14 10:25:03 	cpp/db-cpp/default/attribute_arg_type.rel.checksum
2024/02/14 10:25:03 	cpp/db-cpp/default/attribute_arg_value.rel
2024/02/14 10:25:03 	cpp/db-cpp/default/attribute_arg_value.rel.checksum
2024/02/14 10:25:03 	cpp/db-cpp/default/attribute_args.rel
2024/02/14 10:25:03 	cpp/db-cpp/default/attribute_args.rel.checksum
2024/02/14 10:25:03 	cpp/db-cpp/default/attributes.rel
2024/02/14 10:25:03 	cpp/db-cpp/default/attributes.rel.checksum
2024/02/14 10:25:03 	cpp/db-cpp/default/autoderivation.rel
2024/02/14 10:25:03 	cpp/db-cpp/default/autoderivation.rel.checksum
2024/02/14 10:25:03 	cpp/db-cpp/default/bitfield.rel
2024/02/14 10:25:03 	cpp/db-cpp/default/bitfield.rel.checksum
2024/02/14 10:25:03 	cpp/db-cpp/default/blockscope.rel
2024/02/14 10:25:03 	cpp/db-cpp/default/blockscope.rel.checksum
2024/02/14 10:25:03 	cpp/db-cpp/default/braced_initialisers.rel
2024/02/14 10:25:03 	cpp/db-cpp/default/braced_initialisers.rel.checksum
2024/02/14 10:25:03 	cpp/db-cpp/default/builtintypes.rel
2024/02/14 10:25:03 	cpp/db-cpp/default/builtintypes.rel.checksum
2024/02/14 10:25:03 	cpp/db-cpp/default/class_instantiation.rel
2024/02/14 10:25:03 	cpp/db-cpp/default/class_instantiation.rel.checksum
2024/02/14 10:25:03 	cpp/db-cpp/default/class_template_argument.rel
2024/02/14 10:25:03 	cpp/db-cpp/default/class_template_argument.rel.checksum
2024/02/14 10:25:03 	cpp/db-cpp/default/class_template_argument_value.rel
2024/02/14 10:25:03 	cpp/db-cpp/default/class_template_argument_value.rel.checksum
2024/02/14 10:25:03 	cpp/db-cpp/default/commentbinding.rel
2024/02/14 10:25:03 	cpp/db-cpp/default/commentbinding.rel.checksum
2024/02/14 10:25:03 	cpp/db-cpp/default/comments.rel
2024/02/14 10:25:03 	cpp/db-cpp/default/comments.rel.checksum
2024/02/14 10:25:03 	cpp/db-cpp/default/compgenerated.rel
2024/02/14 10:25:03 	cpp/db-cpp/default/compgenerated.rel.checksum
2024/02/14 10:25:03 	cpp/db-cpp/default/compilation_args.rel
2024/02/14 10:25:03 	cpp/db-cpp/default/compilation_args.rel.checksum
2024/02/14 10:25:03 	cpp/db-cpp/default/compilation_compiling_files.rel
2024/02/14 10:25:03 	cpp/db-cpp/default/compilation_compiling_files.rel.checksum
2024/02/14 10:25:03 	cpp/db-cpp/default/compilation_finished.rel
2024/02/14 10:25:03 	cpp/db-cpp/default/compilation_finished.rel.checksum
2024/02/14 10:25:03 	cpp/db-cpp/default/compilation_time.rel
2024/02/14 10:25:03 	cpp/db-cpp/default/compilation_time.rel.checksum
2024/02/14 10:25:03 	cpp/db-cpp/default/compilations.rel
2024/02/14 10:25:03 	cpp/db-cpp/default/compilations.rel.checksum
2024/02/14 10:25:03 	cpp/db-cpp/default/condition_decl_bind.rel
2024/02/14 10:25:03 	cpp/db-cpp/default/condition_decl_bind.rel.checksum
2024/02/14 10:25:03 	cpp/db-cpp/default/constexpr_if_else.rel
2024/02/14 10:25:03 	cpp/db-cpp/default/constexpr_if_else.rel.checksum
2024/02/14 10:25:03 	cpp/db-cpp/default/constexpr_if_then.rel
2024/02/14 10:25:03 	cpp/db-cpp/default/constexpr_if_then.rel.checksum
2024/02/14 10:25:03 	cpp/db-cpp/default/containerparent.rel
2024/02/14 10:25:03 	cpp/db-cpp/default/containerparent.rel.checksum
2024/02/14 10:25:03 	cpp/db-cpp/default/conversionkinds.rel
2024/02/14 10:25:03 	cpp/db-cpp/default/conversionkinds.rel.checksum
2024/02/14 10:25:03 	cpp/db-cpp/default/decltypes.rel
2024/02/14 10:25:03 	cpp/db-cpp/default/decltypes.rel.checksum
2024/02/14 10:25:03 	cpp/db-cpp/default/derivations.rel
2024/02/14 10:25:03 	cpp/db-cpp/default/derivations.rel.checksum
2024/02/14 10:25:03 	cpp/db-cpp/default/derivedtypes.rel
2024/02/14 10:25:03 	cpp/db-cpp/default/derivedtypes.rel.checksum
2024/02/14 10:25:03 	cpp/db-cpp/default/derspecifiers.rel
2024/02/14 10:25:03 	cpp/db-cpp/default/derspecifiers.rel.checksum
2024/02/14 10:25:03 	cpp/db-cpp/default/diagnostic_for.rel
2024/02/14 10:25:03 	cpp/db-cpp/default/diagnostic_for.rel.checksum
2024/02/14 10:25:03 	cpp/db-cpp/default/diagnostics.rel
2024/02/14 10:25:03 	cpp/db-cpp/default/diagnostics.rel.checksum
2024/02/14 10:25:03 	cpp/db-cpp/default/direct_base_offsets.rel
2024/02/14 10:25:03 	cpp/db-cpp/default/direct_base_offsets.rel.checksum
2024/02/14 10:25:03 	cpp/db-cpp/default/do_body.rel
2024/02/14 10:25:03 	cpp/db-cpp/default/do_body.rel.checksum
2024/02/14 10:25:03 	cpp/db-cpp/default/enclosingfunction.rel
2024/02/14 10:25:03 	cpp/db-cpp/default/enclosingfunction.rel.checksum
2024/02/14 10:25:03 	cpp/db-cpp/default/enumconstants.rel
2024/02/14 10:25:03 	cpp/db-cpp/default/enumconstants.rel.checksum
2024/02/14 10:25:03 	cpp/db-cpp/default/expr_allocator.rel
2024/02/14 10:25:03 	cpp/db-cpp/default/expr_allocator.rel.checksum
2024/02/14 10:25:03 	cpp/db-cpp/default/expr_ancestor.rel
2024/02/14 10:25:03 	cpp/db-cpp/default/expr_ancestor.rel.checksum
2024/02/14 10:25:03 	cpp/db-cpp/default/expr_cond_false.rel
2024/02/14 10:25:03 	cpp/db-cpp/default/expr_cond_false.rel.checksum
2024/02/14 10:25:03 	cpp/db-cpp/default/expr_cond_guard.rel
2024/02/14 10:25:03 	cpp/db-cpp/default/expr_cond_guard.rel.checksum
2024/02/14 10:25:03 	cpp/db-cpp/default/expr_cond_true.rel
2024/02/14 10:25:03 	cpp/db-cpp/default/expr_cond_true.rel.checksum
2024/02/14 10:25:03 	cpp/db-cpp/default/expr_deallocator.rel
2024/02/14 10:25:03 	cpp/db-cpp/default/expr_deallocator.rel.checksum
2024/02/14 10:25:03 	cpp/db-cpp/default/expr_isload.rel
2024/02/14 10:25:03 	cpp/db-cpp/default/expr_isload.rel.checksum
2024/02/14 10:25:03 	cpp/db-cpp/default/expr_types.rel
2024/02/14 10:25:03 	cpp/db-cpp/default/expr_types.rel.checksum
2024/02/14 10:25:03 	cpp/db-cpp/default/exprconv.rel
2024/02/14 10:25:03 	cpp/db-cpp/default/exprconv.rel.checksum
2024/02/14 10:25:03 	cpp/db-cpp/default/exprparents.rel
2024/02/14 10:25:03 	cpp/db-cpp/default/exprparents.rel.checksum
2024/02/14 10:25:03 	cpp/db-cpp/default/exprs.rel
2024/02/14 10:25:03 	cpp/db-cpp/default/exprs.rel.checksum
2024/02/14 10:25:03 	cpp/db-cpp/default/fieldoffsets.rel
2024/02/14 10:25:03 	cpp/db-cpp/default/fieldoffsets.rel.checksum
2024/02/14 10:25:03 	cpp/db-cpp/default/fileannotations.rel
2024/02/14 10:25:03 	cpp/db-cpp/default/fileannotations.rel.checksum
2024/02/14 10:25:03 	cpp/db-cpp/default/files.rel
2024/02/14 10:25:03 	cpp/db-cpp/default/files.rel.checksum
2024/02/14 10:25:03 	cpp/db-cpp/default/fold.rel
2024/02/14 10:25:03 	cpp/db-cpp/default/fold.rel.checksum
2024/02/14 10:25:03 	cpp/db-cpp/default/folders.rel
2024/02/14 10:25:03 	cpp/db-cpp/default/folders.rel.checksum
2024/02/14 10:25:03 	cpp/db-cpp/default/for_body.rel
2024/02/14 10:25:03 	cpp/db-cpp/default/for_body.rel.checksum
2024/02/14 10:25:03 	cpp/db-cpp/default/for_condition.rel
2024/02/14 10:25:03 	cpp/db-cpp/default/for_condition.rel.checksum
2024/02/14 10:25:03 	cpp/db-cpp/default/for_initialization.rel
2024/02/14 10:25:03 	cpp/db-cpp/default/for_initialization.rel.checksum
2024/02/14 10:25:03 	cpp/db-cpp/default/for_update.rel
2024/02/14 10:25:03 	cpp/db-cpp/default/for_update.rel.checksum
2024/02/14 10:25:03 	cpp/db-cpp/default/frienddecls.rel
2024/02/14 10:25:03 	cpp/db-cpp/default/frienddecls.rel.checksum
2024/02/14 10:25:03 	cpp/db-cpp/default/fun_decl_empty_noexcept.rel
2024/02/14 10:25:03 	cpp/db-cpp/default/fun_decl_empty_noexcept.rel.checksum
2024/02/14 10:25:03 	cpp/db-cpp/default/fun_decl_empty_throws.rel
2024/02/14 10:25:03 	cpp/db-cpp/default/fun_decl_empty_throws.rel.checksum
2024/02/14 10:25:03 	cpp/db-cpp/default/fun_decl_noexcept.rel
2024/02/14 10:25:03 	cpp/db-cpp/default/fun_decl_noexcept.rel.checksum
2024/02/14 10:25:03 	cpp/db-cpp/default/fun_decl_specifiers.rel
2024/02/14 10:25:03 	cpp/db-cpp/default/fun_decl_specifiers.rel.checksum
2024/02/14 10:25:03 	cpp/db-cpp/default/fun_decls.rel
2024/02/14 10:25:03 	cpp/db-cpp/default/fun_decls.rel.checksum
2024/02/14 10:25:03 	cpp/db-cpp/default/fun_def.rel
2024/02/14 10:25:03 	cpp/db-cpp/default/fun_def.rel.checksum
2024/02/14 10:25:03 	cpp/db-cpp/default/fun_specialized.rel
2024/02/14 10:25:03 	cpp/db-cpp/default/fun_specialized.rel.checksum
2024/02/14 10:25:03 	cpp/db-cpp/default/funbind.rel
2024/02/14 10:25:03 	cpp/db-cpp/default/funbind.rel.checksum
2024/02/14 10:25:03 	cpp/db-cpp/default/funcattributes.rel
2024/02/14 10:25:03 	cpp/db-cpp/default/funcattributes.rel.checksum
2024/02/14 10:25:03 	cpp/db-cpp/default/function_defaulted.rel
2024/02/14 10:25:03 	cpp/db-cpp/default/function_defaulted.rel.checksum
2024/02/14 10:25:03 	cpp/db-cpp/default/function_deleted.rel
2024/02/14 10:25:03 	cpp/db-cpp/default/function_deleted.rel.checksum
2024/02/14 10:25:03 	cpp/db-cpp/default/function_entry_point.rel
2024/02/14 10:25:03 	cpp/db-cpp/default/function_entry_point.rel.checksum
2024/02/14 10:25:03 	cpp/db-cpp/default/function_instantiation.rel
2024/02/14 10:25:03 	cpp/db-cpp/default/function_instantiation.rel.checksum
2024/02/14 10:25:03 	cpp/db-cpp/default/function_return_type.rel
2024/02/14 10:25:03 	cpp/db-cpp/default/function_return_type.rel.checksum
2024/02/14 10:25:03 	cpp/db-cpp/default/function_template_argument.rel
2024/02/14 10:25:03 	cpp/db-cpp/default/function_template_argument.rel.checksum
2024/02/14 10:25:03 	cpp/db-cpp/default/function_template_argument_value.rel
2024/02/14 10:25:03 	cpp/db-cpp/default/function_template_argument_value.rel.checksum
2024/02/14 10:25:03 	cpp/db-cpp/default/functions.rel
2024/02/14 10:25:03 	cpp/db-cpp/default/functions.rel.checksum
2024/02/14 10:25:03 	cpp/db-cpp/default/funspecifiers.rel
2024/02/14 10:25:03 	cpp/db-cpp/default/funspecifiers.rel.checksum
2024/02/14 10:25:03 	cpp/db-cpp/default/globalvariables.rel
2024/02/14 10:25:03 	cpp/db-cpp/default/globalvariables.rel.checksum
2024/02/14 10:25:03 	cpp/db-cpp/default/if_else.rel
2024/02/14 10:25:03 	cpp/db-cpp/default/if_else.rel.checksum
2024/02/14 10:25:03 	cpp/db-cpp/default/if_then.rel
2024/02/14 10:25:03 	cpp/db-cpp/default/if_then.rel.checksum
2024/02/14 10:25:03 	cpp/db-cpp/default/includes.rel
2024/02/14 10:25:03 	cpp/db-cpp/default/includes.rel.checksum
2024/02/14 10:25:03 	cpp/db-cpp/default/initialisers.rel
2024/02/14 10:25:03 	cpp/db-cpp/default/initialisers.rel.checksum
2024/02/14 10:25:03 	cpp/db-cpp/default/inmacroexpansion.rel
2024/02/14 10:25:03 	cpp/db-cpp/default/inmacroexpansion.rel.checksum
2024/02/14 10:25:03 	cpp/db-cpp/default/is_class_template.rel
2024/02/14 10:25:03 	cpp/db-cpp/default/is_class_template.rel.checksum
2024/02/14 10:25:03 	cpp/db-cpp/default/is_complete.rel
2024/02/14 10:25:03 	cpp/db-cpp/default/is_complete.rel.checksum
2024/02/14 10:25:03 	cpp/db-cpp/default/is_function_template.rel
2024/02/14 10:25:03 	cpp/db-cpp/default/is_function_template.rel.checksum
2024/02/14 10:25:03 	cpp/db-cpp/default/is_pod_class.rel
2024/02/14 10:25:03 	cpp/db-cpp/default/is_pod_class.rel.checksum
2024/02/14 10:25:03 	cpp/db-cpp/default/is_proxy_class_for.rel
2024/02/14 10:25:03 	cpp/db-cpp/default/is_proxy_class_for.rel.checksum
2024/02/14 10:25:03 	cpp/db-cpp/default/is_standard_layout_class.rel
2024/02/14 10:25:03 	cpp/db-cpp/default/is_standard_layout_class.rel.checksum
2024/02/14 10:25:03 	cpp/db-cpp/default/is_variable_template.rel
2024/02/14 10:25:03 	cpp/db-cpp/default/is_variable_template.rel.checksum
2024/02/14 10:25:03 	cpp/db-cpp/default/iscall.rel
2024/02/14 10:25:03 	cpp/db-cpp/default/iscall.rel.checksum
2024/02/14 10:25:03 	cpp/db-cpp/default/ishandler.rel
2024/02/14 10:25:03 	cpp/db-cpp/default/ishandler.rel.checksum
2024/02/14 10:25:03 	cpp/db-cpp/default/jumpinfo.rel
2024/02/14 10:25:03 	cpp/db-cpp/default/jumpinfo.rel.checksum
2024/02/14 10:25:03 	cpp/db-cpp/default/lambda_capture.rel
2024/02/14 10:25:03 	cpp/db-cpp/default/lambda_capture.rel.checksum
2024/02/14 10:25:03 	cpp/db-cpp/default/lambdas.rel
2024/02/14 10:25:03 	cpp/db-cpp/default/lambdas.rel.checksum
2024/02/14 10:25:03 	cpp/db-cpp/default/link_parent.rel
2024/02/14 10:25:03 	cpp/db-cpp/default/link_parent.rel.checksum
2024/02/14 10:25:03 	cpp/db-cpp/default/link_targets.rel
2024/02/14 10:25:03 	cpp/db-cpp/default/link_targets.rel.checksum
2024/02/14 10:25:03 	cpp/db-cpp/default/localvariables.rel
2024/02/14 10:25:03 	cpp/db-cpp/default/localvariables.rel.checksum
2024/02/14 10:25:03 	cpp/db-cpp/default/locations_default.rel
2024/02/14 10:25:03 	cpp/db-cpp/default/locations_default.rel.checksum
2024/02/14 10:25:03 	cpp/db-cpp/default/locations_expr.rel
2024/02/14 10:25:03 	cpp/db-cpp/default/locations_expr.rel.checksum
2024/02/14 10:25:03 	cpp/db-cpp/default/locations_stmt.rel
2024/02/14 10:25:03 	cpp/db-cpp/default/locations_stmt.rel.checksum
2024/02/14 10:25:03 	cpp/db-cpp/default/macro_argument_expanded.rel
2024/02/14 10:25:03 	cpp/db-cpp/default/macro_argument_expanded.rel.checksum
2024/02/14 10:25:03 	cpp/db-cpp/default/macro_argument_unexpanded.rel
2024/02/14 10:25:03 	cpp/db-cpp/default/macro_argument_unexpanded.rel.checksum
2024/02/14 10:25:03 	cpp/db-cpp/default/macroinvocations.rel
2024/02/14 10:25:03 	cpp/db-cpp/default/macroinvocations.rel.checksum
2024/02/14 10:25:03 	cpp/db-cpp/default/macrolocationbind.rel
2024/02/14 10:25:03 	cpp/db-cpp/default/macrolocationbind.rel.checksum
2024/02/14 10:25:03 	cpp/db-cpp/default/macroparent.rel
2024/02/14 10:25:03 	cpp/db-cpp/default/macroparent.rel.checksum
2024/02/14 10:25:03 	cpp/db-cpp/default/mangled_name.rel
2024/02/14 10:25:03 	cpp/db-cpp/default/mangled_name.rel.checksum
2024/02/14 10:25:03 	cpp/db-cpp/default/member.rel
2024/02/14 10:25:03 	cpp/db-cpp/default/member.rel.checksum
2024/02/14 10:25:03 	cpp/db-cpp/default/member_function_this_type.rel
2024/02/14 10:25:03 	cpp/db-cpp/default/member_function_this_type.rel.checksum
2024/02/14 10:25:03 	cpp/db-cpp/default/membervariables.rel
2024/02/14 10:25:03 	cpp/db-cpp/default/membervariables.rel.checksum
2024/02/14 10:25:03 	cpp/db-cpp/default/namequalifiers.rel
2024/02/14 10:25:03 	cpp/db-cpp/default/namequalifiers.rel.checksum
2024/02/14 10:25:03 	cpp/db-cpp/default/namespace_decls.rel
2024/02/14 10:25:03 	cpp/db-cpp/default/namespace_decls.rel.checksum
2024/02/14 10:25:03 	cpp/db-cpp/default/namespace_inline.rel
2024/02/14 10:25:03 	cpp/db-cpp/default/namespace_inline.rel.checksum
2024/02/14 10:25:03 	cpp/db-cpp/default/namespacembrs.rel
2024/02/14 10:25:03 	cpp/db-cpp/default/namespacembrs.rel.checksum
2024/02/14 10:25:03 	cpp/db-cpp/default/namespaces.rel
2024/02/14 10:25:03 	cpp/db-cpp/default/namespaces.rel.checksum
2024/02/14 10:25:03 	cpp/db-cpp/default/new_allocated_type.rel
2024/02/14 10:25:03 	cpp/db-cpp/default/new_allocated_type.rel.checksum
2024/02/14 10:25:03 	cpp/db-cpp/default/new_array_allocated_type.rel
2024/02/14 10:25:03 	cpp/db-cpp/default/new_array_allocated_type.rel.checksum
2024/02/14 10:25:03 	cpp/db-cpp/default/numlines.rel
2024/02/14 10:25:03 	cpp/db-cpp/default/numlines.rel.checksum
2024/02/14 10:25:03 	cpp/db-cpp/default/numtemplatearguments.rel
2024/02/14 10:25:03 	cpp/db-cpp/default/numtemplatearguments.rel.checksum
2024/02/14 10:25:03 	cpp/db-cpp/default/orphaned_variables.rel
2024/02/14 10:25:03 	cpp/db-cpp/default/orphaned_variables.rel.checksum
2024/02/14 10:25:03 	cpp/db-cpp/default/overrides.rel
2024/02/14 10:25:03 	cpp/db-cpp/default/overrides.rel.checksum
2024/02/14 10:25:03 	cpp/db-cpp/default/param_decl_bind.rel
2024/02/14 10:25:03 	cpp/db-cpp/default/param_decl_bind.rel.checksum
2024/02/14 10:25:03 	cpp/db-cpp/default/params.rel
2024/02/14 10:25:03 	cpp/db-cpp/default/params.rel.checksum
2024/02/14 10:25:03 	cpp/db-cpp/default/pointerishsize.rel
2024/02/14 10:25:03 	cpp/db-cpp/default/pointerishsize.rel.checksum
2024/02/14 10:25:03 	cpp/db-cpp/default/preprocdirects.rel
2024/02/14 10:25:03 	cpp/db-cpp/default/preprocdirects.rel.checksum
2024/02/14 10:25:03 	cpp/db-cpp/default/preprocfalse.rel
2024/02/14 10:25:03 	cpp/db-cpp/default/preprocfalse.rel.checksum
2024/02/14 10:25:03 	cpp/db-cpp/default/preprocpair.rel
2024/02/14 10:25:03 	cpp/db-cpp/default/preprocpair.rel.checksum
2024/02/14 10:25:03 	cpp/db-cpp/default/preproctext.rel
2024/02/14 10:25:03 	cpp/db-cpp/default/preproctext.rel.checksum
2024/02/14 10:25:03 	cpp/db-cpp/default/preproctrue.rel
2024/02/14 10:25:03 	cpp/db-cpp/default/preproctrue.rel.checksum
2024/02/14 10:25:03 	cpp/db-cpp/default/ptrtomembers.rel
2024/02/14 10:25:03 	cpp/db-cpp/default/ptrtomembers.rel.checksum
2024/02/14 10:25:03 	cpp/db-cpp/default/purefunctions.rel
2024/02/14 10:25:03 	cpp/db-cpp/default/purefunctions.rel.checksum
2024/02/14 10:25:03 	cpp/db-cpp/default/routinetypeargs.rel
2024/02/14 10:25:03 	cpp/db-cpp/default/routinetypeargs.rel.checksum
2024/02/14 10:25:03 	cpp/db-cpp/default/routinetypes.rel
2024/02/14 10:25:03 	cpp/db-cpp/default/routinetypes.rel.checksum
2024/02/14 10:25:03 	cpp/db-cpp/default/sizeof_bind.rel
2024/02/14 10:25:03 	cpp/db-cpp/default/sizeof_bind.rel.checksum
2024/02/14 10:25:03 	cpp/db-cpp/default/sourceLocationPrefix.rel
2024/02/14 10:25:03 	cpp/db-cpp/default/sourceLocationPrefix.rel.checksum
2024/02/14 10:25:03 	cpp/db-cpp/default/specialnamequalifyingelements.rel
2024/02/14 10:25:03 	cpp/db-cpp/default/specialnamequalifyingelements.rel.checksum
2024/02/14 10:25:03 	cpp/db-cpp/default/specifiers.rel
2024/02/14 10:25:03 	cpp/db-cpp/default/specifiers.rel.checksum
2024/02/14 10:25:03 	cpp/db-cpp/default/static_asserts.rel
2024/02/14 10:25:03 	cpp/db-cpp/default/static_asserts.rel.checksum
2024/02/14 10:25:03 	cpp/db-cpp/default/stmt_decl_bind.rel
2024/02/14 10:25:03 	cpp/db-cpp/default/stmt_decl_bind.rel.checksum
2024/02/14 10:25:03 	cpp/db-cpp/default/stmt_decl_entry_bind.rel
2024/02/14 10:25:03 	cpp/db-cpp/default/stmt_decl_entry_bind.rel.checksum
2024/02/14 10:25:03 	cpp/db-cpp/default/stmtattributes.rel
2024/02/14 10:25:03 	cpp/db-cpp/default/stmtattributes.rel.checksum
2024/02/14 10:25:03 	cpp/db-cpp/default/stmtparents.rel
2024/02/14 10:25:03 	cpp/db-cpp/default/stmtparents.rel.checksum
2024/02/14 10:25:03 	cpp/db-cpp/default/stmts.rel
2024/02/14 10:25:03 	cpp/db-cpp/default/stmts.rel.checksum
2024/02/14 10:25:03 	cpp/db-cpp/default/switch_body.rel
2024/02/14 10:25:03 	cpp/db-cpp/default/switch_body.rel.checksum
2024/02/14 10:25:03 	cpp/db-cpp/default/switch_case.rel
2024/02/14 10:25:03 	cpp/db-cpp/default/switch_case.rel.checksum
2024/02/14 10:25:03 	cpp/db-cpp/default/synthetic_destructor_call.rel
2024/02/14 10:25:03 	cpp/db-cpp/default/synthetic_destructor_call.rel.checksum
2024/02/14 10:25:03 	cpp/db-cpp/default/type_decl_top.rel
2024/02/14 10:25:03 	cpp/db-cpp/default/type_decl_top.rel.checksum
2024/02/14 10:25:03 	cpp/db-cpp/default/type_decls.rel
2024/02/14 10:25:03 	cpp/db-cpp/default/type_decls.rel.checksum
2024/02/14 10:25:03 	cpp/db-cpp/default/type_def.rel
2024/02/14 10:25:03 	cpp/db-cpp/default/type_def.rel.checksum
2024/02/14 10:25:03 	cpp/db-cpp/default/type_mentions.rel
2024/02/14 10:25:03 	cpp/db-cpp/default/type_mentions.rel.checksum
2024/02/14 10:25:03 	cpp/db-cpp/default/typeattributes.rel
2024/02/14 10:25:03 	cpp/db-cpp/default/typeattributes.rel.checksum
2024/02/14 10:25:03 	cpp/db-cpp/default/typedefbase.rel
2024/02/14 10:25:03 	cpp/db-cpp/default/typedefbase.rel.checksum
2024/02/14 10:25:03 	cpp/db-cpp/default/typespecifiers.rel
2024/02/14 10:25:03 	cpp/db-cpp/default/typespecifiers.rel.checksum
2024/02/14 10:25:03 	cpp/db-cpp/default/unspecifiedtype.rel
2024/02/14 10:25:03 	cpp/db-cpp/default/unspecifiedtype.rel.checksum
2024/02/14 10:25:03 	cpp/db-cpp/default/usertype_final.rel
2024/02/14 10:25:03 	cpp/db-cpp/default/usertype_final.rel.checksum
2024/02/14 10:25:03 	cpp/db-cpp/default/usertypes.rel
2024/02/14 10:25:03 	cpp/db-cpp/default/usertypes.rel.checksum
2024/02/14 10:25:03 	cpp/db-cpp/default/usertypesize.rel
2024/02/14 10:25:03 	cpp/db-cpp/default/usertypesize.rel.checksum
2024/02/14 10:25:03 	cpp/db-cpp/default/using_container.rel
2024/02/14 10:25:03 	cpp/db-cpp/default/using_container.rel.checksum
2024/02/14 10:25:03 	cpp/db-cpp/default/usings.rel
2024/02/14 10:25:03 	cpp/db-cpp/default/usings.rel.checksum
2024/02/14 10:25:03 	cpp/db-cpp/default/valuebind.rel
2024/02/14 10:25:03 	cpp/db-cpp/default/valuebind.rel.checksum
2024/02/14 10:25:03 	cpp/db-cpp/default/values.rel
2024/02/14 10:25:03 	cpp/db-cpp/default/values.rel.checksum
2024/02/14 10:25:03 	cpp/db-cpp/default/valuetext.rel
2024/02/14 10:25:03 	cpp/db-cpp/default/valuetext.rel.checksum
2024/02/14 10:25:03 	cpp/db-cpp/default/var_decl_specifiers.rel
2024/02/14 10:25:03 	cpp/db-cpp/default/var_decl_specifiers.rel.checksum
2024/02/14 10:25:03 	cpp/db-cpp/default/var_decls.rel
2024/02/14 10:25:03 	cpp/db-cpp/default/var_decls.rel.checksum
2024/02/14 10:25:03 	cpp/db-cpp/default/var_def.rel
2024/02/14 10:25:03 	cpp/db-cpp/default/var_def.rel.checksum
2024/02/14 10:25:03 	cpp/db-cpp/default/varattributes.rel
2024/02/14 10:25:03 	cpp/db-cpp/default/varattributes.rel.checksum
2024/02/14 10:25:03 	cpp/db-cpp/default/varbind.rel
2024/02/14 10:25:03 	cpp/db-cpp/default/varbind.rel.checksum
2024/02/14 10:25:03 	cpp/db-cpp/default/variable_instantiation.rel
2024/02/14 10:25:03 	cpp/db-cpp/default/variable_instantiation.rel.checksum
2024/02/14 10:25:03 	cpp/db-cpp/default/variable_template_argument.rel
2024/02/14 10:25:03 	cpp/db-cpp/default/variable_template_argument.rel.checksum
2024/02/14 10:25:03 	cpp/db-cpp/default/variable_template_argument_value.rel
2024/02/14 10:25:03 	cpp/db-cpp/default/variable_template_argument_value.rel.checksum
2024/02/14 10:25:03 	cpp/db-cpp/default/varspecifiers.rel
2024/02/14 10:25:03 	cpp/db-cpp/default/varspecifiers.rel.checksum
2024/02/14 10:25:03 	cpp/db-cpp/default/virtual_base_offsets.rel
2024/02/14 10:25:03 	cpp/db-cpp/default/virtual_base_offsets.rel.checksum
2024/02/14 10:25:03 	cpp/db-cpp/default/while_body.rel
2024/02/14 10:25:03 	cpp/db-cpp/default/while_body.rel.checksum
2024/02/14 10:25:03 	cpp/db-cpp/default/cache/.lock
2024/02/14 10:25:03 	cpp/db-cpp/default/cache/is-trimmed
2024/02/14 10:25:03 	cpp/db-cpp/default/cache/version
2024/02/14 10:25:03 	cpp/db-cpp/default/pools/poolInfo
2024/02/14 10:25:03 	cpp/db-cpp/default/pools/0/info
2024/02/14 10:25:03 	cpp/db-cpp/default/pools/0/buckets/info
2024/02/14 10:25:03 	cpp/db-cpp/default/pools/0/buckets/page-000000
2024/02/14 10:25:03 	cpp/db-cpp/default/pools/0/metadata/info
2024/02/14 10:25:03 	cpp/db-cpp/default/pools/0/metadata/page-000000
2024/02/14 10:25:03 	cpp/db-cpp/default/pools/0/pageDump/page-000000000
2024/02/14 10:25:03 	cpp/db-cpp/default/pools/0/pageDump/page-000000001
2024/02/14 10:25:03 	cpp/db-cpp/default/pools/0/pageDump/page-000000002
2024/02/14 10:25:03 	cpp/db-cpp/default/pools/1/info
2024/02/14 10:25:03 	cpp/db-cpp/default/pools/1/buckets/info
2024/02/14 10:25:03 	cpp/db-cpp/default/pools/1/buckets/page-000000
2024/02/14 10:25:03 	cpp/db-cpp/default/pools/1/ids1/info
2024/02/14 10:25:03 	cpp/db-cpp/default/pools/1/ids1/page-000000
2024/02/14 10:25:03 	cpp/db-cpp/default/pools/1/indices1/info
2024/02/14 10:25:03 	cpp/db-cpp/default/pools/1/indices1/page-000000
2024/02/14 10:25:03 	cpp/db-cpp/default/pools/1/metadata/info
2024/02/14 10:25:03 	cpp/db-cpp/default/pools/1/metadata/page-000000
2024/02/14 10:25:03 	cpp/db-cpp/default/pools/1/pageDump/page-000000000
Downloaded database for google/flatbuffers (2/2)
2 artifacts downloaded
