0:$ SN=60
./gh-mrva submit --language cpp --session mirva-session-$SN     \
          --list mirva-list                                     \
          --query /Users/hohn/local/gh-mrva/FlatBuffersFunc.ql >& log-$SN.out &
sleep 1 && em log-$SN.out

Resolving mirva-list repositories from /Users/hohn/local/gh-mrva/databases.json
Submitting 1 queries for 1 repositories
Generating query pack for /Users/hohn/local/gh-mrva/FlatBuffersFunc.ql
Resolving query id for /Users/hohn/local/gh-mrva/FlatBuffersFunc.ql
Metadata: {
  "name" : "pickfun",
  "description" : "pick function from FlatBuffers",
  "kind" : "problem",
  "id" : "cpp-flatbuffer-func",
  "problem.severity" : "warning"
}

QLPack exists, stripping all other queries from /Users/hohn/local/gh-mrva
Preparing stripped QLPack in /var/folders/bk/dt0jx9f92zq876lmm3f2dpk40000gn/T/query-pack-4004734200
Fixing QLPack in /var/folders/bk/dt0jx9f92zq876lmm3f2dpk40000gn/T/query-pack-4004734200
Installing QLPack dependencies
Compiling and bundling the QLPack (This may take a while)
Generated encoded bundle for /Users/hohn/local/gh-mrva/FlatBuffersFunc.ql (cpp-flatbuffer-func)
2024/02/14 10:20:12 >> POST https://api.github.com/repos/hohn/mirva-controller/code-scanning/codeql/variant-analyses
2024/02/14 10:20:13 >> request body:
2024/02/14 10:20:13     "action_repo_ref": "main"
2024/02/14 10:20:13     "language": "cpp"
2024/02/14 10:20:13     "repositories": "[google/flatbuffers]"
2024/02/14 10:20:13     "query_pack": 
2024/02/14 10:20:13         base64 encoded gzipped tar file, contents:
2024/02/14 10:20:13         FlatBuffersFunc.ql
2024/02/14 10:20:13         LICENSE
2024/02/14 10:20:13         qlpack.yml
2024/02/14 10:20:13         codeql-pack.lock.yml
2024/02/14 10:20:13         README.md
2024/02/14 10:20:13         .codeql/libraries/codeql/dataflow/0.1.5/qlpack.yml
2024/02/14 10:20:13         .codeql/libraries/codeql/dataflow/0.1.5/CHANGELOG.md
2024/02/14 10:20:13         .codeql/libraries/codeql/dataflow/0.1.5/codeql/dataflow/TaintTracking.qll
2024/02/14 10:20:13         .codeql/libraries/codeql/dataflow/0.1.5/codeql/dataflow/test/InlineFlowTest.qll
2024/02/14 10:20:13         .codeql/libraries/codeql/dataflow/0.1.5/codeql/dataflow/internal/DataFlowImplConsistency.qll
2024/02/14 10:20:13         .codeql/libraries/codeql/dataflow/0.1.5/codeql/dataflow/internal/DataFlowImpl.qll
2024/02/14 10:20:13         .codeql/libraries/codeql/dataflow/0.1.5/codeql/dataflow/internal/DataFlowImplCommon.qll
2024/02/14 10:20:13         .codeql/libraries/codeql/dataflow/0.1.5/codeql/dataflow/VariableCapture.qll
2024/02/14 10:20:13         .codeql/libraries/codeql/dataflow/0.1.5/codeql/dataflow/DataFlow.qll
2024/02/14 10:20:13         .codeql/libraries/codeql/tutorial/0.2.5/qlpack.yml
2024/02/14 10:20:13         .codeql/libraries/codeql/tutorial/0.2.5/CHANGELOG.md
2024/02/14 10:20:13         .codeql/libraries/codeql/tutorial/0.2.5/tutorial.qll
2024/02/14 10:20:13         .codeql/libraries/codeql/util/0.2.5/qlpack.yml
2024/02/14 10:20:13         .codeql/libraries/codeql/util/0.2.5/CHANGELOG.md
2024/02/14 10:20:13         .codeql/libraries/codeql/util/0.2.5/codeql/util/Location.qll
2024/02/14 10:20:13         .codeql/libraries/codeql/util/0.2.5/codeql/util/FilePath.qll
2024/02/14 10:20:13         .codeql/libraries/codeql/util/0.2.5/codeql/util/Strings.qll
2024/02/14 10:20:13         .codeql/libraries/codeql/util/0.2.5/codeql/util/test/InlineExpectationsTest.qll
2024/02/14 10:20:13         .codeql/libraries/codeql/util/0.2.5/codeql/util/suppression/AlertSuppression.qll
2024/02/14 10:20:13         .codeql/libraries/codeql/util/0.2.5/codeql/util/Boolean.qll
2024/02/14 10:20:13         .codeql/libraries/codeql/util/0.2.5/codeql/util/Unit.qll
2024/02/14 10:20:13         .codeql/libraries/codeql/util/0.2.5/codeql/util/Numbers.qll
2024/02/14 10:20:13         .codeql/libraries/codeql/util/0.2.5/codeql/util/Either.qll
2024/02/14 10:20:13         .codeql/libraries/codeql/util/0.2.5/codeql/util/Option.qll
2024/02/14 10:20:13         .codeql/libraries/codeql/util/0.2.5/codeql/util/FileSystem.qll
2024/02/14 10:20:13         .codeql/libraries/codeql/rangeanalysis/0.0.4/qlpack.yml
2024/02/14 10:20:13         .codeql/libraries/codeql/rangeanalysis/0.0.4/CHANGELOG.md
2024/02/14 10:20:13         .codeql/libraries/codeql/rangeanalysis/0.0.4/codeql/rangeanalysis/internal/RangeUtils.qll
2024/02/14 10:20:13         .codeql/libraries/codeql/rangeanalysis/0.0.4/codeql/rangeanalysis/ModulusAnalysis.qll
2024/02/14 10:20:13         .codeql/libraries/codeql/rangeanalysis/0.0.4/codeql/rangeanalysis/RangeAnalysis.qll
2024/02/14 10:20:13         .codeql/libraries/codeql/ssa/0.2.5/qlpack.yml
2024/02/14 10:20:13         .codeql/libraries/codeql/ssa/0.2.5/CHANGELOG.md
2024/02/14 10:20:13         .codeql/libraries/codeql/ssa/0.2.5/codeql/ssa/Ssa.qll
2024/02/14 10:20:13         .codeql/libraries/codeql/typetracking/0.2.5/qlpack.yml
2024/02/14 10:20:13         .codeql/libraries/codeql/typetracking/0.2.5/CHANGELOG.md
2024/02/14 10:20:13         .codeql/libraries/codeql/typetracking/0.2.5/codeql/typetracking/internal/TypeTrackingImpl.qll
2024/02/14 10:20:13         .codeql/libraries/codeql/typetracking/0.2.5/codeql/typetracking/TypeTracking.qll
2024/02/14 10:20:13         .codeql/libraries/codeql/cpp-all/0.12.2/Options.qll
2024/02/14 10:20:13         .codeql/libraries/codeql/cpp-all/0.12.2/experimental/cryptography/CryptoAlgorithmNames.qll
2024/02/14 10:20:13         .codeql/libraries/codeql/cpp-all/0.12.2/experimental/cryptography/utils/OpenSSL/CryptoFunction.qll
2024/02/14 10:20:13         .codeql/libraries/codeql/cpp-all/0.12.2/experimental/cryptography/utils/OpenSSL/CryptoAlgorithm.qll
2024/02/14 10:20:13         .codeql/libraries/codeql/cpp-all/0.12.2/experimental/cryptography/utils/OpenSSL/AlgorithmSink.qll
2024/02/14 10:20:13         .codeql/libraries/codeql/cpp-all/0.12.2/experimental/cryptography/utils/OpenSSL/PassthroughFunction.qll
2024/02/14 10:20:13         .codeql/libraries/codeql/cpp-all/0.12.2/experimental/cryptography/utils/OpenSSL/DataBuilders.qll
2024/02/14 10:20:13         .codeql/libraries/codeql/cpp-all/0.12.2/experimental/cryptography/utils/OpenSSL/LibraryFunction.qll
2024/02/14 10:20:13         .codeql/libraries/codeql/cpp-all/0.12.2/experimental/cryptography/Concepts.qll
2024/02/14 10:20:13         .codeql/libraries/codeql/cpp-all/0.12.2/experimental/cryptography/CryptoArtifact.qll
2024/02/14 10:20:13         .codeql/libraries/codeql/cpp-all/0.12.2/experimental/cryptography/modules/OpenSSL.qll
2024/02/14 10:20:13         .codeql/libraries/codeql/cpp-all/0.12.2/experimental/semmle/code/cpp/security/PrivateCleartextWrite.qll
2024/02/14 10:20:13         .codeql/libraries/codeql/cpp-all/0.12.2/experimental/semmle/code/cpp/models/interfaces/SimpleRangeAnalysisDefinition.qll
2024/02/14 10:20:13         .codeql/libraries/codeql/cpp-all/0.12.2/experimental/semmle/code/cpp/models/interfaces/SimpleRangeAnalysisExpr.qll
2024/02/14 10:20:13         .codeql/libraries/codeql/cpp-all/0.12.2/experimental/semmle/code/cpp/rangeanalysis/Bound.qll
2024/02/14 10:20:13         .codeql/libraries/codeql/cpp-all/0.12.2/experimental/semmle/code/cpp/rangeanalysis/RangeUtils.qll
2024/02/14 10:20:13         .codeql/libraries/codeql/cpp-all/0.12.2/experimental/semmle/code/cpp/rangeanalysis/InBoundsPointerDeref.qll
2024/02/14 10:20:13         .codeql/libraries/codeql/cpp-all/0.12.2/experimental/semmle/code/cpp/rangeanalysis/extensions/StrlenLiteralRangeExpr.qll
2024/02/14 10:20:13         .codeql/libraries/codeql/cpp-all/0.12.2/experimental/semmle/code/cpp/rangeanalysis/extensions/RangeNode.qll
2024/02/14 10:20:13         .codeql/libraries/codeql/cpp-all/0.12.2/experimental/semmle/code/cpp/rangeanalysis/extensions/ConstantBitwiseAndExprRange.qll
2024/02/14 10:20:13         .codeql/libraries/codeql/cpp-all/0.12.2/experimental/semmle/code/cpp/rangeanalysis/extensions/ConstantShiftExprRange.qll
2024/02/14 10:20:13         .codeql/libraries/codeql/cpp-all/0.12.2/experimental/semmle/code/cpp/rangeanalysis/extensions/SubtractSelf.qll
2024/02/14 10:20:13         .codeql/libraries/codeql/cpp-all/0.12.2/experimental/semmle/code/cpp/rangeanalysis/ArrayLengthAnalysis.qll
2024/02/14 10:20:13         .codeql/libraries/codeql/cpp-all/0.12.2/experimental/semmle/code/cpp/rangeanalysis/RangeAnalysis.qll
2024/02/14 10:20:13         .codeql/libraries/codeql/cpp-all/0.12.2/experimental/semmle/code/cpp/rangeanalysis/SignAnalysis.qll
2024/02/14 10:20:13         .codeql/libraries/codeql/cpp-all/0.12.2/experimental/semmle/code/cpp/rangeanalysis/ExtendedRangeAnalysis.qll
2024/02/14 10:20:13         .codeql/libraries/codeql/cpp-all/0.12.2/semmlecode.cpp.dbscheme
2024/02/14 10:20:13         .codeql/libraries/codeql/cpp-all/0.12.2/semmlecode.cpp.dbscheme.stats
2024/02/14 10:20:13         .codeql/libraries/codeql/cpp-all/0.12.2/printAst.ql
2024/02/14 10:20:13         .codeql/libraries/codeql/cpp-all/0.12.2/qlpack.yml
2024/02/14 10:20:13         .codeql/libraries/codeql/cpp-all/0.12.2/CHANGELOG.md
2024/02/14 10:20:13         .codeql/libraries/codeql/cpp-all/0.12.2/IDEContextual.qll
2024/02/14 10:20:13         .codeql/libraries/codeql/cpp-all/0.12.2/definitions.qll
2024/02/14 10:20:13         .codeql/libraries/codeql/cpp-all/0.12.2/localReferences.ql
2024/02/14 10:20:13         .codeql/libraries/codeql/cpp-all/0.12.2/semmle/code/cpp/dataflow/TaintTracking.qll
2024/02/14 10:20:13         .codeql/libraries/codeql/cpp-all/0.12.2/semmle/code/cpp/dataflow/StackAddress.qll
2024/02/14 10:20:13         .codeql/libraries/codeql/cpp-all/0.12.2/semmle/code/cpp/dataflow/DataFlow3.qll
2024/02/14 10:20:13         .codeql/libraries/codeql/cpp-all/0.12.2/semmle/code/cpp/dataflow/DataFlow2.qll
2024/02/14 10:20:13         .codeql/libraries/codeql/cpp-all/0.12.2/semmle/code/cpp/dataflow/internal/DataFlowImpl3.qll
2024/02/14 10:20:13         .codeql/libraries/codeql/cpp-all/0.12.2/semmle/code/cpp/dataflow/internal/TaintTrackingUtil.qll
2024/02/14 10:20:13         .codeql/libraries/codeql/cpp-all/0.12.2/semmle/code/cpp/dataflow/internal/DataFlowImpl2.qll
2024/02/14 10:20:13         .codeql/libraries/codeql/cpp-all/0.12.2/semmle/code/cpp/dataflow/internal/FlowVar.qll
2024/02/14 10:20:13         .codeql/libraries/codeql/cpp-all/0.12.2/semmle/code/cpp/dataflow/internal/tainttracking1/TaintTrackingParameter.qll
2024/02/14 10:20:13         .codeql/libraries/codeql/cpp-all/0.12.2/semmle/code/cpp/dataflow/internal/tainttracking1/TaintTrackingImpl.qll
2024/02/14 10:20:13         .codeql/libraries/codeql/cpp-all/0.12.2/semmle/code/cpp/dataflow/internal/DataFlowImpl1.qll
2024/02/14 10:20:13         .codeql/libraries/codeql/cpp-all/0.12.2/semmle/code/cpp/dataflow/internal/DataFlowPrivate.qll
2024/02/14 10:20:13         .codeql/libraries/codeql/cpp-all/0.12.2/semmle/code/cpp/dataflow/internal/DataFlowImplConsistency.qll
2024/02/14 10:20:13         .codeql/libraries/codeql/cpp-all/0.12.2/semmle/code/cpp/dataflow/internal/DataFlowImpl4.qll
2024/02/14 10:20:13         .codeql/libraries/codeql/cpp-all/0.12.2/semmle/code/cpp/dataflow/internal/DataFlowImplSpecific.qll
2024/02/14 10:20:13         .codeql/libraries/codeql/cpp-all/0.12.2/semmle/code/cpp/dataflow/internal/TaintTrackingImplSpecific.qll
2024/02/14 10:20:13         .codeql/libraries/codeql/cpp-all/0.12.2/semmle/code/cpp/dataflow/internal/tainttracking2/TaintTrackingParameter.qll
2024/02/14 10:20:13         .codeql/libraries/codeql/cpp-all/0.12.2/semmle/code/cpp/dataflow/internal/tainttracking2/TaintTrackingImpl.qll
2024/02/14 10:20:13         .codeql/libraries/codeql/cpp-all/0.12.2/semmle/code/cpp/dataflow/internal/DataFlowImplLocal.qll
2024/02/14 10:20:13         .codeql/libraries/codeql/cpp-all/0.12.2/semmle/code/cpp/dataflow/internal/DataFlowImpl.qll
2024/02/14 10:20:13         .codeql/libraries/codeql/cpp-all/0.12.2/semmle/code/cpp/dataflow/internal/DataFlowImplCommon.qll
2024/02/14 10:20:13         .codeql/libraries/codeql/cpp-all/0.12.2/semmle/code/cpp/dataflow/internal/SubBasicBlocks.qll
2024/02/14 10:20:13         .codeql/libraries/codeql/cpp-all/0.12.2/semmle/code/cpp/dataflow/internal/AddressFlow.qll
2024/02/14 10:20:13         .codeql/libraries/codeql/cpp-all/0.12.2/semmle/code/cpp/dataflow/internal/DataFlowUtil.qll
2024/02/14 10:20:13         .codeql/libraries/codeql/cpp-all/0.12.2/semmle/code/cpp/dataflow/internal/DataFlowDispatch.qll
2024/02/14 10:20:13         .codeql/libraries/codeql/cpp-all/0.12.2/semmle/code/cpp/dataflow/DataFlow4.qll
2024/02/14 10:20:13         .codeql/libraries/codeql/cpp-all/0.12.2/semmle/code/cpp/dataflow/EscapesTree.qll
2024/02/14 10:20:13         .codeql/libraries/codeql/cpp-all/0.12.2/semmle/code/cpp/dataflow/TaintTracking2.qll
2024/02/14 10:20:13         .codeql/libraries/codeql/cpp-all/0.12.2/semmle/code/cpp/dataflow/new/TaintTracking.qll
2024/02/14 10:20:13         .codeql/libraries/codeql/cpp-all/0.12.2/semmle/code/cpp/dataflow/new/DataFlow3.qll
2024/02/14 10:20:13         .codeql/libraries/codeql/cpp-all/0.12.2/semmle/code/cpp/dataflow/new/DataFlow2.qll
2024/02/14 10:20:13         .codeql/libraries/codeql/cpp-all/0.12.2/semmle/code/cpp/dataflow/new/DataFlow4.qll
2024/02/14 10:20:13         .codeql/libraries/codeql/cpp-all/0.12.2/semmle/code/cpp/dataflow/new/TaintTracking2.qll
2024/02/14 10:20:13         .codeql/libraries/codeql/cpp-all/0.12.2/semmle/code/cpp/dataflow/new/TaintTracking3.qll
2024/02/14 10:20:13         .codeql/libraries/codeql/cpp-all/0.12.2/semmle/code/cpp/dataflow/new/DataFlow.qll
2024/02/14 10:20:13         .codeql/libraries/codeql/cpp-all/0.12.2/semmle/code/cpp/dataflow/RecursionPrevention.qll
2024/02/14 10:20:13         .codeql/libraries/codeql/cpp-all/0.12.2/semmle/code/cpp/dataflow/DataFlow.qll
2024/02/14 10:20:13         .codeql/libraries/codeql/cpp-all/0.12.2/semmle/code/cpp/Location.qll
2024/02/14 10:20:13         .codeql/libraries/codeql/cpp-all/0.12.2/semmle/code/cpp/metrics/MetricClass.qll
2024/02/14 10:20:13         .codeql/libraries/codeql/cpp-all/0.12.2/semmle/code/cpp/metrics/MetricFile.qll
2024/02/14 10:20:13         .codeql/libraries/codeql/cpp-all/0.12.2/semmle/code/cpp/metrics/MetricFunction.qll
2024/02/14 10:20:13         .codeql/libraries/codeql/cpp-all/0.12.2/semmle/code/cpp/metrics/MetricNamespace.qll
2024/02/14 10:20:13         .codeql/libraries/codeql/cpp-all/0.12.2/semmle/code/cpp/Specifier.qll
2024/02/14 10:20:13         .codeql/libraries/codeql/cpp-all/0.12.2/semmle/code/cpp/valuenumbering/GlobalValueNumbering.qll
2024/02/14 10:20:13         .codeql/libraries/codeql/cpp-all/0.12.2/semmle/code/cpp/valuenumbering/GlobalValueNumberingImpl.qll
2024/02/14 10:20:13         .codeql/libraries/codeql/cpp-all/0.12.2/semmle/code/cpp/valuenumbering/HashCons.qll
2024/02/14 10:20:13         .codeql/libraries/codeql/cpp-all/0.12.2/semmle/code/cpp/Diagnostics.qll
2024/02/14 10:20:13         .codeql/libraries/codeql/cpp-all/0.12.2/semmle/code/cpp/Namespace.qll
2024/02/14 10:20:13         .codeql/libraries/codeql/cpp-all/0.12.2/semmle/code/cpp/MemberFunction.qll
2024/02/14 10:20:13         .codeql/libraries/codeql/cpp-all/0.12.2/semmle/code/cpp/UserType.qll
2024/02/14 10:20:13         .codeql/libraries/codeql/cpp-all/0.12.2/semmle/code/cpp/Declaration.qll
2024/02/14 10:20:13         .codeql/libraries/codeql/cpp-all/0.12.2/semmle/code/cpp/pointsto/PointsTo.qll
2024/02/14 10:20:13         .codeql/libraries/codeql/cpp-all/0.12.2/semmle/code/cpp/pointsto/CallGraph.qll
2024/02/14 10:20:13         .codeql/libraries/codeql/cpp-all/0.12.2/semmle/code/cpp/TestFile.qll
2024/02/14 10:20:13         .codeql/libraries/codeql/cpp-all/0.12.2/semmle/code/cpp/PrintAST.ql
2024/02/14 10:20:13         .codeql/libraries/codeql/cpp-all/0.12.2/semmle/code/cpp/NameQualifiers.qll
2024/02/14 10:20:13         .codeql/libraries/codeql/cpp-all/0.12.2/semmle/code/cpp/Compilation.qll
2024/02/14 10:20:13         .codeql/libraries/codeql/cpp-all/0.12.2/semmle/code/cpp/Print.qll
2024/02/14 10:20:13         .codeql/libraries/codeql/cpp-all/0.12.2/semmle/code/cpp/security/PrintfLike.qll
2024/02/14 10:20:13         .codeql/libraries/codeql/cpp-all/0.12.2/semmle/code/cpp/security/FileWrite.qll
2024/02/14 10:20:13         .codeql/libraries/codeql/cpp-all/0.12.2/semmle/code/cpp/security/TaintTracking.qll
2024/02/14 10:20:13         .codeql/libraries/codeql/cpp-all/0.12.2/semmle/code/cpp/security/Security.qll
2024/02/14 10:20:13         .codeql/libraries/codeql/cpp-all/0.12.2/semmle/code/cpp/security/BufferAccess.qll
2024/02/14 10:20:13         .codeql/libraries/codeql/cpp-all/0.12.2/semmle/code/cpp/security/TaintTrackingImpl.qll
2024/02/14 10:20:13         .codeql/libraries/codeql/cpp-all/0.12.2/semmle/code/cpp/security/SensitiveExprs.qll
2024/02/14 10:20:13         .codeql/libraries/codeql/cpp-all/0.12.2/semmle/code/cpp/security/CommandExecution.qll
2024/02/14 10:20:13         .codeql/libraries/codeql/cpp-all/0.12.2/semmle/code/cpp/security/boostorg/asio/protocols.qll
2024/02/14 10:20:13         .codeql/libraries/codeql/cpp-all/0.12.2/semmle/code/cpp/security/SecurityOptions.qll
2024/02/14 10:20:13         .codeql/libraries/codeql/cpp-all/0.12.2/semmle/code/cpp/security/Overflow.qll
2024/02/14 10:20:13         .codeql/libraries/codeql/cpp-all/0.12.2/semmle/code/cpp/security/FlowSources.qll
2024/02/14 10:20:13         .codeql/libraries/codeql/cpp-all/0.12.2/semmle/code/cpp/security/Encryption.qll
2024/02/14 10:20:13         .codeql/libraries/codeql/cpp-all/0.12.2/semmle/code/cpp/security/PrivateData.qll
2024/02/14 10:20:13         .codeql/libraries/codeql/cpp-all/0.12.2/semmle/code/cpp/security/BufferWrite.qll
2024/02/14 10:20:13         .codeql/libraries/codeql/cpp-all/0.12.2/semmle/code/cpp/security/OutputWrite.qll
2024/02/14 10:20:13         .codeql/libraries/codeql/cpp-all/0.12.2/semmle/code/cpp/security/FunctionWithWrappers.qll
2024/02/14 10:20:13         .codeql/libraries/codeql/cpp-all/0.12.2/semmle/code/cpp/security/InvalidPointerDereference/InvalidPointerToDereference.qll
2024/02/14 10:20:13         .codeql/libraries/codeql/cpp-all/0.12.2/semmle/code/cpp/security/InvalidPointerDereference/AllocationToInvalidPointer.qll
2024/02/14 10:20:13         .codeql/libraries/codeql/cpp-all/0.12.2/semmle/code/cpp/Preprocessor.qll
2024/02/14 10:20:13         .codeql/libraries/codeql/cpp-all/0.12.2/semmle/code/cpp/ir/dataflow/ResolveCall.qll
2024/02/14 10:20:13         .codeql/libraries/codeql/cpp-all/0.12.2/semmle/code/cpp/ir/dataflow/MustFlow.qll
2024/02/14 10:20:13         .codeql/libraries/codeql/cpp-all/0.12.2/semmle/code/cpp/ir/dataflow/TaintTracking.qll
2024/02/14 10:20:13         .codeql/libraries/codeql/cpp-all/0.12.2/semmle/code/cpp/ir/dataflow/DataFlow3.qll
2024/02/14 10:20:13         .codeql/libraries/codeql/cpp-all/0.12.2/semmle/code/cpp/ir/dataflow/DataFlow2.qll
2024/02/14 10:20:13         .codeql/libraries/codeql/cpp-all/0.12.2/semmle/code/cpp/ir/dataflow/internal/DataFlowImpl3.qll
2024/02/14 10:20:13         .codeql/libraries/codeql/cpp-all/0.12.2/semmle/code/cpp/ir/dataflow/internal/ProductFlow.qll
2024/02/14 10:20:13         .codeql/libraries/codeql/cpp-all/0.12.2/semmle/code/cpp/ir/dataflow/internal/TaintTrackingUtil.qll
2024/02/14 10:20:13         .codeql/libraries/codeql/cpp-all/0.12.2/semmle/code/cpp/ir/dataflow/internal/DataFlowImpl2.qll
2024/02/14 10:20:13         .codeql/libraries/codeql/cpp-all/0.12.2/semmle/code/cpp/ir/dataflow/internal/PrintIRFieldFlowSteps.qll
2024/02/14 10:20:13         .codeql/libraries/codeql/cpp-all/0.12.2/semmle/code/cpp/ir/dataflow/internal/tainttracking1/TaintTrackingParameter.qll
2024/02/14 10:20:13         .codeql/libraries/codeql/cpp-all/0.12.2/semmle/code/cpp/ir/dataflow/internal/tainttracking1/TaintTrackingImpl.qll
2024/02/14 10:20:13         .codeql/libraries/codeql/cpp-all/0.12.2/semmle/code/cpp/ir/dataflow/internal/DataFlowImpl1.qll
2024/02/14 10:20:13         .codeql/libraries/codeql/cpp-all/0.12.2/semmle/code/cpp/ir/dataflow/internal/DataFlowPrivate.qll
2024/02/14 10:20:13         .codeql/libraries/codeql/cpp-all/0.12.2/semmle/code/cpp/ir/dataflow/internal/DataFlowImplConsistency.qll
2024/02/14 10:20:13         .codeql/libraries/codeql/cpp-all/0.12.2/semmle/code/cpp/ir/dataflow/internal/DataFlowImpl4.qll
2024/02/14 10:20:13         .codeql/libraries/codeql/cpp-all/0.12.2/semmle/code/cpp/ir/dataflow/internal/PrintIRLocalFlow.qll
2024/02/14 10:20:13         .codeql/libraries/codeql/cpp-all/0.12.2/semmle/code/cpp/ir/dataflow/internal/DataFlowImplSpecific.qll
2024/02/14 10:20:13         .codeql/libraries/codeql/cpp-all/0.12.2/semmle/code/cpp/ir/dataflow/internal/SsaInternals.qll
2024/02/14 10:20:13         .codeql/libraries/codeql/cpp-all/0.12.2/semmle/code/cpp/ir/dataflow/internal/tainttracking3/TaintTrackingParameter.qll
2024/02/14 10:20:13         .codeql/libraries/codeql/cpp-all/0.12.2/semmle/code/cpp/ir/dataflow/internal/tainttracking3/TaintTrackingImpl.qll
2024/02/14 10:20:13         .codeql/libraries/codeql/cpp-all/0.12.2/semmle/code/cpp/ir/dataflow/internal/PrintIRUtilities.qll
2024/02/14 10:20:13         .codeql/libraries/codeql/cpp-all/0.12.2/semmle/code/cpp/ir/dataflow/internal/TaintTrackingImplSpecific.qll
2024/02/14 10:20:13         .codeql/libraries/codeql/cpp-all/0.12.2/semmle/code/cpp/ir/dataflow/internal/tainttracking2/TaintTrackingParameter.qll
2024/02/14 10:20:13         .codeql/libraries/codeql/cpp-all/0.12.2/semmle/code/cpp/ir/dataflow/internal/tainttracking2/TaintTrackingImpl.qll
2024/02/14 10:20:13         .codeql/libraries/codeql/cpp-all/0.12.2/semmle/code/cpp/ir/dataflow/internal/DataFlowImpl.qll
2024/02/14 10:20:13         .codeql/libraries/codeql/cpp-all/0.12.2/semmle/code/cpp/ir/dataflow/internal/DataFlowImplCommon.qll
2024/02/14 10:20:13         .codeql/libraries/codeql/cpp-all/0.12.2/semmle/code/cpp/ir/dataflow/internal/DataFlowUtil.qll
2024/02/14 10:20:13         .codeql/libraries/codeql/cpp-all/0.12.2/semmle/code/cpp/ir/dataflow/internal/DataFlowDispatch.qll
2024/02/14 10:20:13         .codeql/libraries/codeql/cpp-all/0.12.2/semmle/code/cpp/ir/dataflow/internal/ssa0/SsaInternals.qll
2024/02/14 10:20:13         .codeql/libraries/codeql/cpp-all/0.12.2/semmle/code/cpp/ir/dataflow/internal/DefaultTaintTrackingImpl.qll
2024/02/14 10:20:13         .codeql/libraries/codeql/cpp-all/0.12.2/semmle/code/cpp/ir/dataflow/internal/ModelUtil.qll
2024/02/14 10:20:13         .codeql/libraries/codeql/cpp-all/0.12.2/semmle/code/cpp/ir/dataflow/internal/SsaInternalsCommon.qll
2024/02/14 10:20:13         .codeql/libraries/codeql/cpp-all/0.12.2/semmle/code/cpp/ir/dataflow/DataFlow4.qll
2024/02/14 10:20:13         .codeql/libraries/codeql/cpp-all/0.12.2/semmle/code/cpp/ir/dataflow/TaintTracking2.qll
2024/02/14 10:20:13         .codeql/libraries/codeql/cpp-all/0.12.2/semmle/code/cpp/ir/dataflow/TaintTracking3.qll
2024/02/14 10:20:13         .codeql/libraries/codeql/cpp-all/0.12.2/semmle/code/cpp/ir/dataflow/DataFlow.qll
2024/02/14 10:20:13         .codeql/libraries/codeql/cpp-all/0.12.2/semmle/code/cpp/ir/dataflow/DefaultTaintTracking.qll
2024/02/14 10:20:13         .codeql/libraries/codeql/cpp-all/0.12.2/semmle/code/cpp/ir/IR.qll
2024/02/14 10:20:13         .codeql/libraries/codeql/cpp-all/0.12.2/semmle/code/cpp/ir/PrintIR.qll
2024/02/14 10:20:13         .codeql/libraries/codeql/cpp-all/0.12.2/semmle/code/cpp/ir/ValueNumbering.qll
2024/02/14 10:20:13         .codeql/libraries/codeql/cpp-all/0.12.2/semmle/code/cpp/ir/internal/IntegerPartial.qll
2024/02/14 10:20:13         .codeql/libraries/codeql/cpp-all/0.12.2/semmle/code/cpp/ir/internal/IRCppLanguageDebug.qll
2024/02/14 10:20:13         .codeql/libraries/codeql/cpp-all/0.12.2/semmle/code/cpp/ir/internal/TempVariableTag.qll
2024/02/14 10:20:13         .codeql/libraries/codeql/cpp-all/0.12.2/semmle/code/cpp/ir/internal/IRUtilities.qll
2024/02/14 10:20:13         .codeql/libraries/codeql/cpp-all/0.12.2/semmle/code/cpp/ir/internal/CppType.qll
2024/02/14 10:20:13         .codeql/libraries/codeql/cpp-all/0.12.2/semmle/code/cpp/ir/internal/Overlap.qll
2024/02/14 10:20:13         .codeql/libraries/codeql/cpp-all/0.12.2/semmle/code/cpp/ir/internal/IntegerConstant.qll
2024/02/14 10:20:13         .codeql/libraries/codeql/cpp-all/0.12.2/semmle/code/cpp/ir/internal/ASTValueNumbering.qll
2024/02/14 10:20:13         .codeql/libraries/codeql/cpp-all/0.12.2/semmle/code/cpp/ir/internal/IntegerInterval.qll
2024/02/14 10:20:13         .codeql/libraries/codeql/cpp-all/0.12.2/semmle/code/cpp/ir/internal/IRCppLanguage.qll
2024/02/14 10:20:13         .codeql/libraries/codeql/cpp-all/0.12.2/semmle/code/cpp/ir/IRConsistency.ql
2024/02/14 10:20:13         .codeql/libraries/codeql/cpp-all/0.12.2/semmle/code/cpp/ir/implementation/unaliased_ssa/IR.qll
2024/02/14 10:20:13         .codeql/libraries/codeql/cpp-all/0.12.2/semmle/code/cpp/ir/implementation/unaliased_ssa/PrintIR.qll
2024/02/14 10:20:13         .codeql/libraries/codeql/cpp-all/0.12.2/semmle/code/cpp/ir/implementation/unaliased_ssa/internal/IRBlockImports.qll
2024/02/14 10:20:13         .codeql/libraries/codeql/cpp-all/0.12.2/semmle/code/cpp/ir/implementation/unaliased_ssa/internal/SimpleSSA.qll
2024/02/14 10:20:13         .codeql/libraries/codeql/cpp-all/0.12.2/semmle/code/cpp/ir/implementation/unaliased_ssa/internal/IRFunctionImports.qll
2024/02/14 10:20:13         .codeql/libraries/codeql/cpp-all/0.12.2/semmle/code/cpp/ir/implementation/unaliased_ssa/internal/AliasAnalysisInternal.qll
2024/02/14 10:20:13         .codeql/libraries/codeql/cpp-all/0.12.2/semmle/code/cpp/ir/implementation/unaliased_ssa/internal/PrintSSA.qll
2024/02/14 10:20:13         .codeql/libraries/codeql/cpp-all/0.12.2/semmle/code/cpp/ir/implementation/unaliased_ssa/internal/SSAConstructionInternal.qll
2024/02/14 10:20:13         .codeql/libraries/codeql/cpp-all/0.12.2/semmle/code/cpp/ir/implementation/unaliased_ssa/internal/AliasConfigurationImports.qll
2024/02/14 10:20:13         .codeql/libraries/codeql/cpp-all/0.12.2/semmle/code/cpp/ir/implementation/unaliased_ssa/internal/SimpleSSAPublicImports.qll
2024/02/14 10:20:13         .codeql/libraries/codeql/cpp-all/0.12.2/semmle/code/cpp/ir/implementation/unaliased_ssa/internal/InstructionImports.qll
2024/02/14 10:20:13         .codeql/libraries/codeql/cpp-all/0.12.2/semmle/code/cpp/ir/implementation/unaliased_ssa/internal/OperandInternal.qll
2024/02/14 10:20:13         .codeql/libraries/codeql/cpp-all/0.12.2/semmle/code/cpp/ir/implementation/unaliased_ssa/internal/SSAConsistency.ql
2024/02/14 10:20:13         .codeql/libraries/codeql/cpp-all/0.12.2/semmle/code/cpp/ir/implementation/unaliased_ssa/internal/SSAConsistency.qll
2024/02/14 10:20:13         .codeql/libraries/codeql/cpp-all/0.12.2/semmle/code/cpp/ir/implementation/unaliased_ssa/internal/SimpleSSAImports.qll
2024/02/14 10:20:13         .codeql/libraries/codeql/cpp-all/0.12.2/semmle/code/cpp/ir/implementation/unaliased_ssa/internal/SSAConstruction.qll
2024/02/14 10:20:13         .codeql/libraries/codeql/cpp-all/0.12.2/semmle/code/cpp/ir/implementation/unaliased_ssa/internal/IRVariableImports.qll
2024/02/14 10:20:13         .codeql/libraries/codeql/cpp-all/0.12.2/semmle/code/cpp/ir/implementation/unaliased_ssa/internal/IRImports.qll
2024/02/14 10:20:13         .codeql/libraries/codeql/cpp-all/0.12.2/semmle/code/cpp/ir/implementation/unaliased_ssa/internal/SSAConsistencyImports.qll
2024/02/14 10:20:13         .codeql/libraries/codeql/cpp-all/0.12.2/semmle/code/cpp/ir/implementation/unaliased_ssa/internal/OperandImports.qll
2024/02/14 10:20:13         .codeql/libraries/codeql/cpp-all/0.12.2/semmle/code/cpp/ir/implementation/unaliased_ssa/internal/AliasAnalysis.qll
2024/02/14 10:20:13         .codeql/libraries/codeql/cpp-all/0.12.2/semmle/code/cpp/ir/implementation/unaliased_ssa/internal/reachability/ReachableBlock.qll
2024/02/14 10:20:13         .codeql/libraries/codeql/cpp-all/0.12.2/semmle/code/cpp/ir/implementation/unaliased_ssa/internal/reachability/PrintDominance.qll
2024/02/14 10:20:13         .codeql/libraries/codeql/cpp-all/0.12.2/semmle/code/cpp/ir/implementation/unaliased_ssa/internal/reachability/PrintReachableBlock.qll
2024/02/14 10:20:13         .codeql/libraries/codeql/cpp-all/0.12.2/semmle/code/cpp/ir/implementation/unaliased_ssa/internal/reachability/DominanceInternal.qll
2024/02/14 10:20:13         .codeql/libraries/codeql/cpp-all/0.12.2/semmle/code/cpp/ir/implementation/unaliased_ssa/internal/reachability/Dominance.qll
2024/02/14 10:20:13         .codeql/libraries/codeql/cpp-all/0.12.2/semmle/code/cpp/ir/implementation/unaliased_ssa/internal/reachability/ReachableBlockInternal.qll
2024/02/14 10:20:13         .codeql/libraries/codeql/cpp-all/0.12.2/semmle/code/cpp/ir/implementation/unaliased_ssa/internal/AliasAnalysisImports.qll
2024/02/14 10:20:13         .codeql/libraries/codeql/cpp-all/0.12.2/semmle/code/cpp/ir/implementation/unaliased_ssa/internal/SSAConstructionImports.qll
2024/02/14 10:20:13         .codeql/libraries/codeql/cpp-all/0.12.2/semmle/code/cpp/ir/implementation/unaliased_ssa/internal/AliasConfiguration.qll
2024/02/14 10:20:13         .codeql/libraries/codeql/cpp-all/0.12.2/semmle/code/cpp/ir/implementation/unaliased_ssa/internal/PrintAliasAnalysis.qll
2024/02/14 10:20:13         .codeql/libraries/codeql/cpp-all/0.12.2/semmle/code/cpp/ir/implementation/unaliased_ssa/internal/IRConsistencyImports.qll
2024/02/14 10:20:13         .codeql/libraries/codeql/cpp-all/0.12.2/semmle/code/cpp/ir/implementation/unaliased_ssa/internal/IRInternal.qll
2024/02/14 10:20:13         .codeql/libraries/codeql/cpp-all/0.12.2/semmle/code/cpp/ir/implementation/unaliased_ssa/internal/PrintIRImports.qll
2024/02/14 10:20:13         .codeql/libraries/codeql/cpp-all/0.12.2/semmle/code/cpp/ir/implementation/unaliased_ssa/IRConsistency.ql
2024/02/14 10:20:13         .codeql/libraries/codeql/cpp-all/0.12.2/semmle/code/cpp/ir/implementation/unaliased_ssa/Operand.qll
2024/02/14 10:20:13         .codeql/libraries/codeql/cpp-all/0.12.2/semmle/code/cpp/ir/implementation/unaliased_ssa/constant/internal/ConstantAnalysisInternal.qll
2024/02/14 10:20:13         .codeql/libraries/codeql/cpp-all/0.12.2/semmle/code/cpp/ir/implementation/unaliased_ssa/constant/PrintConstantAnalysis.qll
2024/02/14 10:20:13         .codeql/libraries/codeql/cpp-all/0.12.2/semmle/code/cpp/ir/implementation/unaliased_ssa/constant/ConstantAnalysis.qll
2024/02/14 10:20:13         .codeql/libraries/codeql/cpp-all/0.12.2/semmle/code/cpp/ir/implementation/unaliased_ssa/IRConsistency.qll
2024/02/14 10:20:13         .codeql/libraries/codeql/cpp-all/0.12.2/semmle/code/cpp/ir/implementation/unaliased_ssa/Instruction.qll
2024/02/14 10:20:13         .codeql/libraries/codeql/cpp-all/0.12.2/semmle/code/cpp/ir/implementation/unaliased_ssa/IRVariable.qll
2024/02/14 10:20:13         .codeql/libraries/codeql/cpp-all/0.12.2/semmle/code/cpp/ir/implementation/unaliased_ssa/gvn/ValueNumbering.qll
2024/02/14 10:20:13         .codeql/libraries/codeql/cpp-all/0.12.2/semmle/code/cpp/ir/implementation/unaliased_ssa/gvn/PrintValueNumbering.qll
2024/02/14 10:20:13         .codeql/libraries/codeql/cpp-all/0.12.2/semmle/code/cpp/ir/implementation/unaliased_ssa/gvn/internal/ValueNumberingInternal.qll
2024/02/14 10:20:13         .codeql/libraries/codeql/cpp-all/0.12.2/semmle/code/cpp/ir/implementation/unaliased_ssa/gvn/internal/ValueNumberingImports.qll
2024/02/14 10:20:13         .codeql/libraries/codeql/cpp-all/0.12.2/semmle/code/cpp/ir/implementation/unaliased_ssa/IRFunction.qll
2024/02/14 10:20:13         .codeql/libraries/codeql/cpp-all/0.12.2/semmle/code/cpp/ir/implementation/unaliased_ssa/PrintIR.ql
2024/02/14 10:20:13         .codeql/libraries/codeql/cpp-all/0.12.2/semmle/code/cpp/ir/implementation/unaliased_ssa/IRBlock.qll
2024/02/14 10:20:13         .codeql/libraries/codeql/cpp-all/0.12.2/semmle/code/cpp/ir/implementation/TempVariableTag.qll
2024/02/14 10:20:13         .codeql/libraries/codeql/cpp-all/0.12.2/semmle/code/cpp/ir/implementation/internal/OpcodeImports.qll
2024/02/14 10:20:13         .codeql/libraries/codeql/cpp-all/0.12.2/semmle/code/cpp/ir/implementation/internal/TInstruction.qll
2024/02/14 10:20:13         .codeql/libraries/codeql/cpp-all/0.12.2/semmle/code/cpp/ir/implementation/internal/TempVariableTagInternal.qll
2024/02/14 10:20:13         .codeql/libraries/codeql/cpp-all/0.12.2/semmle/code/cpp/ir/implementation/internal/TOperand.qll
2024/02/14 10:20:13         .codeql/libraries/codeql/cpp-all/0.12.2/semmle/code/cpp/ir/implementation/internal/TInstructionInternal.qll
2024/02/14 10:20:13         .codeql/libraries/codeql/cpp-all/0.12.2/semmle/code/cpp/ir/implementation/internal/IRFunctionBaseInternal.qll
2024/02/14 10:20:13         .codeql/libraries/codeql/cpp-all/0.12.2/semmle/code/cpp/ir/implementation/internal/IRConfigurationInternal.qll
2024/02/14 10:20:13         .codeql/libraries/codeql/cpp-all/0.12.2/semmle/code/cpp/ir/implementation/internal/IRFunctionBase.qll
2024/02/14 10:20:13         .codeql/libraries/codeql/cpp-all/0.12.2/semmle/code/cpp/ir/implementation/internal/OperandTagInternal.qll
2024/02/14 10:20:13         .codeql/libraries/codeql/cpp-all/0.12.2/semmle/code/cpp/ir/implementation/internal/TIRVariableInternal.qll
2024/02/14 10:20:13         .codeql/libraries/codeql/cpp-all/0.12.2/semmle/code/cpp/ir/implementation/internal/EdgeKindInternal.qll
2024/02/14 10:20:13         .codeql/libraries/codeql/cpp-all/0.12.2/semmle/code/cpp/ir/implementation/internal/TInstructionImports.qll
2024/02/14 10:20:13         .codeql/libraries/codeql/cpp-all/0.12.2/semmle/code/cpp/ir/implementation/internal/OperandTag.qll
2024/02/14 10:20:13         .codeql/libraries/codeql/cpp-all/0.12.2/semmle/code/cpp/ir/implementation/internal/TIRVariable.qll
2024/02/14 10:20:13         .codeql/libraries/codeql/cpp-all/0.12.2/semmle/code/cpp/ir/implementation/internal/IRTypeInternal.qll
2024/02/14 10:20:13         .codeql/libraries/codeql/cpp-all/0.12.2/semmle/code/cpp/ir/implementation/EdgeKind.qll
2024/02/14 10:20:13         .codeql/libraries/codeql/cpp-all/0.12.2/semmle/code/cpp/ir/implementation/aliased_ssa/IR.qll
2024/02/14 10:20:13         .codeql/libraries/codeql/cpp-all/0.12.2/semmle/code/cpp/ir/implementation/aliased_ssa/PrintIR.qll
2024/02/14 10:20:13         .codeql/libraries/codeql/cpp-all/0.12.2/semmle/code/cpp/ir/implementation/aliased_ssa/internal/IRBlockImports.qll
2024/02/14 10:20:13         .codeql/libraries/codeql/cpp-all/0.12.2/semmle/code/cpp/ir/implementation/aliased_ssa/internal/IRFunctionImports.qll
2024/02/14 10:20:13         .codeql/libraries/codeql/cpp-all/0.12.2/semmle/code/cpp/ir/implementation/aliased_ssa/internal/AliasAnalysisInternal.qll
2024/02/14 10:20:13         .codeql/libraries/codeql/cpp-all/0.12.2/semmle/code/cpp/ir/implementation/aliased_ssa/internal/PrintSSA.qll
2024/02/14 10:20:13         .codeql/libraries/codeql/cpp-all/0.12.2/semmle/code/cpp/ir/implementation/aliased_ssa/internal/SSAConstructionInternal.qll
2024/02/14 10:20:13         .codeql/libraries/codeql/cpp-all/0.12.2/semmle/code/cpp/ir/implementation/aliased_ssa/internal/InstructionImports.qll
2024/02/14 10:20:13         .codeql/libraries/codeql/cpp-all/0.12.2/semmle/code/cpp/ir/implementation/aliased_ssa/internal/OperandInternal.qll
2024/02/14 10:20:13         .codeql/libraries/codeql/cpp-all/0.12.2/semmle/code/cpp/ir/implementation/aliased_ssa/internal/SSAConsistency.ql
2024/02/14 10:20:13         .codeql/libraries/codeql/cpp-all/0.12.2/semmle/code/cpp/ir/implementation/aliased_ssa/internal/SSAConsistency.qll
2024/02/14 10:20:13         .codeql/libraries/codeql/cpp-all/0.12.2/semmle/code/cpp/ir/implementation/aliased_ssa/internal/SSAConstruction.qll
2024/02/14 10:20:13         .codeql/libraries/codeql/cpp-all/0.12.2/semmle/code/cpp/ir/implementation/aliased_ssa/internal/IRVariableImports.qll
2024/02/14 10:20:13         .codeql/libraries/codeql/cpp-all/0.12.2/semmle/code/cpp/ir/implementation/aliased_ssa/internal/IRImports.qll
2024/02/14 10:20:13         .codeql/libraries/codeql/cpp-all/0.12.2/semmle/code/cpp/ir/implementation/aliased_ssa/internal/SSAConsistencyImports.qll
2024/02/14 10:20:13         .codeql/libraries/codeql/cpp-all/0.12.2/semmle/code/cpp/ir/implementation/aliased_ssa/internal/OperandImports.qll
2024/02/14 10:20:13         .codeql/libraries/codeql/cpp-all/0.12.2/semmle/code/cpp/ir/implementation/aliased_ssa/internal/AliasedSSA.qll
2024/02/14 10:20:13         .codeql/libraries/codeql/cpp-all/0.12.2/semmle/code/cpp/ir/implementation/aliased_ssa/internal/AliasAnalysis.qll
2024/02/14 10:20:13         .codeql/libraries/codeql/cpp-all/0.12.2/semmle/code/cpp/ir/implementation/aliased_ssa/internal/AliasConfigurationInternal.qll
2024/02/14 10:20:13         .codeql/libraries/codeql/cpp-all/0.12.2/semmle/code/cpp/ir/implementation/aliased_ssa/internal/AliasAnalysisImports.qll
2024/02/14 10:20:13         .codeql/libraries/codeql/cpp-all/0.12.2/semmle/code/cpp/ir/implementation/aliased_ssa/internal/SSAConstructionImports.qll
2024/02/14 10:20:13         .codeql/libraries/codeql/cpp-all/0.12.2/semmle/code/cpp/ir/implementation/aliased_ssa/internal/AliasConfiguration.qll
2024/02/14 10:20:13         .codeql/libraries/codeql/cpp-all/0.12.2/semmle/code/cpp/ir/implementation/aliased_ssa/internal/PrintAliasAnalysis.qll
2024/02/14 10:20:13         .codeql/libraries/codeql/cpp-all/0.12.2/semmle/code/cpp/ir/implementation/aliased_ssa/internal/IRConsistencyImports.qll
2024/02/14 10:20:13         .codeql/libraries/codeql/cpp-all/0.12.2/semmle/code/cpp/ir/implementation/aliased_ssa/internal/IRInternal.qll
2024/02/14 10:20:13         .codeql/libraries/codeql/cpp-all/0.12.2/semmle/code/cpp/ir/implementation/aliased_ssa/internal/PrintIRImports.qll
2024/02/14 10:20:13         .codeql/libraries/codeql/cpp-all/0.12.2/semmle/code/cpp/ir/implementation/aliased_ssa/IRConsistency.ql
2024/02/14 10:20:13         .codeql/libraries/codeql/cpp-all/0.12.2/semmle/code/cpp/ir/implementation/aliased_ssa/Operand.qll
2024/02/14 10:20:13         .codeql/libraries/codeql/cpp-all/0.12.2/semmle/code/cpp/ir/implementation/aliased_ssa/constant/internal/ConstantAnalysisInternal.qll
2024/02/14 10:20:13         .codeql/libraries/codeql/cpp-all/0.12.2/semmle/code/cpp/ir/implementation/aliased_ssa/constant/PrintConstantAnalysis.qll
2024/02/14 10:20:13         .codeql/libraries/codeql/cpp-all/0.12.2/semmle/code/cpp/ir/implementation/aliased_ssa/constant/ConstantAnalysis.qll
2024/02/14 10:20:13         .codeql/libraries/codeql/cpp-all/0.12.2/semmle/code/cpp/ir/implementation/aliased_ssa/IRConsistency.qll
2024/02/14 10:20:13         .codeql/libraries/codeql/cpp-all/0.12.2/semmle/code/cpp/ir/implementation/aliased_ssa/Instruction.qll
2024/02/14 10:20:13         .codeql/libraries/codeql/cpp-all/0.12.2/semmle/code/cpp/ir/implementation/aliased_ssa/IRVariable.qll
2024/02/14 10:20:13         .codeql/libraries/codeql/cpp-all/0.12.2/semmle/code/cpp/ir/implementation/aliased_ssa/gvn/ValueNumbering.qll
2024/02/14 10:20:13         .codeql/libraries/codeql/cpp-all/0.12.2/semmle/code/cpp/ir/implementation/aliased_ssa/gvn/PrintValueNumbering.qll
2024/02/14 10:20:13         .codeql/libraries/codeql/cpp-all/0.12.2/semmle/code/cpp/ir/implementation/aliased_ssa/gvn/internal/ValueNumberingInternal.qll
2024/02/14 10:20:13         .codeql/libraries/codeql/cpp-all/0.12.2/semmle/code/cpp/ir/implementation/aliased_ssa/gvn/internal/ValueNumberingImports.qll
2024/02/14 10:20:13         .codeql/libraries/codeql/cpp-all/0.12.2/semmle/code/cpp/ir/implementation/aliased_ssa/IRFunction.qll
2024/02/14 10:20:13         .codeql/libraries/codeql/cpp-all/0.12.2/semmle/code/cpp/ir/implementation/aliased_ssa/PrintIR.ql
2024/02/14 10:20:13         .codeql/libraries/codeql/cpp-all/0.12.2/semmle/code/cpp/ir/implementation/aliased_ssa/IRBlock.qll
2024/02/14 10:20:13         .codeql/libraries/codeql/cpp-all/0.12.2/semmle/code/cpp/ir/implementation/IRConfiguration.qll
2024/02/14 10:20:13         .codeql/libraries/codeql/cpp-all/0.12.2/semmle/code/cpp/ir/implementation/SSA.md
2024/02/14 10:20:13         .codeql/libraries/codeql/cpp-all/0.12.2/semmle/code/cpp/ir/implementation/Opcode.qll
2024/02/14 10:20:13         .codeql/libraries/codeql/cpp-all/0.12.2/semmle/code/cpp/ir/implementation/MemoryAccessKind.qll
2024/02/14 10:20:13         .codeql/libraries/codeql/cpp-all/0.12.2/semmle/code/cpp/ir/implementation/UseSoundEscapeAnalysis.qll
2024/02/14 10:20:13         .codeql/libraries/codeql/cpp-all/0.12.2/semmle/code/cpp/ir/implementation/raw/IRBlockImports.qll
2024/02/14 10:20:13         .codeql/libraries/codeql/cpp-all/0.12.2/semmle/code/cpp/ir/implementation/raw/IR.qll
2024/02/14 10:20:13         .codeql/libraries/codeql/cpp-all/0.12.2/semmle/code/cpp/ir/implementation/raw/PrintIR.qll
2024/02/14 10:20:13         .codeql/libraries/codeql/cpp-all/0.12.2/semmle/code/cpp/ir/implementation/raw/internal/IRBlockImports.qll
2024/02/14 10:20:13         .codeql/libraries/codeql/cpp-all/0.12.2/semmle/code/cpp/ir/implementation/raw/internal/IRFunctionImports.qll
2024/02/14 10:20:13         .codeql/libraries/codeql/cpp-all/0.12.2/semmle/code/cpp/ir/implementation/raw/internal/InstructionImports.qll
2024/02/14 10:20:13         .codeql/libraries/codeql/cpp-all/0.12.2/semmle/code/cpp/ir/implementation/raw/internal/OperandInternal.qll
2024/02/14 10:20:13         .codeql/libraries/codeql/cpp-all/0.12.2/semmle/code/cpp/ir/implementation/raw/internal/TranslatedInitialization.qll
2024/02/14 10:20:13         .codeql/libraries/codeql/cpp-all/0.12.2/semmle/code/cpp/ir/implementation/raw/internal/IRConstruction.qll
2024/02/14 10:20:13         .codeql/libraries/codeql/cpp-all/0.12.2/semmle/code/cpp/ir/implementation/raw/internal/IRVariableImports.qll
2024/02/14 10:20:13         .codeql/libraries/codeql/cpp-all/0.12.2/semmle/code/cpp/ir/implementation/raw/internal/IRImports.qll
2024/02/14 10:20:13         .codeql/libraries/codeql/cpp-all/0.12.2/semmle/code/cpp/ir/implementation/raw/internal/OperandImports.qll
2024/02/14 10:20:13         .codeql/libraries/codeql/cpp-all/0.12.2/semmle/code/cpp/ir/implementation/raw/internal/InstructionTag.qll
2024/02/14 10:20:13         .codeql/libraries/codeql/cpp-all/0.12.2/semmle/code/cpp/ir/implementation/raw/internal/TranslatedDeclarationEntry.qll
2024/02/14 10:20:13         .codeql/libraries/codeql/cpp-all/0.12.2/semmle/code/cpp/ir/implementation/raw/internal/TranslatedExpr.qll
2024/02/14 10:20:13         .codeql/libraries/codeql/cpp-all/0.12.2/semmle/code/cpp/ir/implementation/raw/internal/TranslatedElement.qll
2024/02/14 10:20:13         .codeql/libraries/codeql/cpp-all/0.12.2/semmle/code/cpp/ir/implementation/raw/internal/TranslatedGlobalVar.qll
2024/02/14 10:20:13         .codeql/libraries/codeql/cpp-all/0.12.2/semmle/code/cpp/ir/implementation/raw/internal/reachability/ReachableBlock.qll
2024/02/14 10:20:13         .codeql/libraries/codeql/cpp-all/0.12.2/semmle/code/cpp/ir/implementation/raw/internal/reachability/PrintDominance.qll
2024/02/14 10:20:13         .codeql/libraries/codeql/cpp-all/0.12.2/semmle/code/cpp/ir/implementation/raw/internal/reachability/PrintReachableBlock.qll
2024/02/14 10:20:13         .codeql/libraries/codeql/cpp-all/0.12.2/semmle/code/cpp/ir/implementation/raw/internal/reachability/DominanceInternal.qll
2024/02/14 10:20:13         .codeql/libraries/codeql/cpp-all/0.12.2/semmle/code/cpp/ir/implementation/raw/internal/reachability/Dominance.qll
2024/02/14 10:20:13         .codeql/libraries/codeql/cpp-all/0.12.2/semmle/code/cpp/ir/implementation/raw/internal/reachability/ReachableBlockInternal.qll
2024/02/14 10:20:13         .codeql/libraries/codeql/cpp-all/0.12.2/semmle/code/cpp/ir/implementation/raw/internal/TranslatedCall.qll
2024/02/14 10:20:13         .codeql/libraries/codeql/cpp-all/0.12.2/semmle/code/cpp/ir/implementation/raw/internal/TranslatedFunction.qll
2024/02/14 10:20:13         .codeql/libraries/codeql/cpp-all/0.12.2/semmle/code/cpp/ir/implementation/raw/internal/SideEffects.qll
2024/02/14 10:20:13         .codeql/libraries/codeql/cpp-all/0.12.2/semmle/code/cpp/ir/implementation/raw/internal/IRConsistencyImports.qll
2024/02/14 10:20:13         .codeql/libraries/codeql/cpp-all/0.12.2/semmle/code/cpp/ir/implementation/raw/internal/IRInternal.qll
2024/02/14 10:20:13         .codeql/libraries/codeql/cpp-all/0.12.2/semmle/code/cpp/ir/implementation/raw/internal/TranslatedCondition.qll
2024/02/14 10:20:13         .codeql/libraries/codeql/cpp-all/0.12.2/semmle/code/cpp/ir/implementation/raw/internal/TranslatedStmt.qll
2024/02/14 10:20:13         .codeql/libraries/codeql/cpp-all/0.12.2/semmle/code/cpp/ir/implementation/raw/internal/PrintIRImports.qll
2024/02/14 10:20:13         .codeql/libraries/codeql/cpp-all/0.12.2/semmle/code/cpp/ir/implementation/raw/internal/VarArgs.qll
2024/02/14 10:20:13         .codeql/libraries/codeql/cpp-all/0.12.2/semmle/code/cpp/ir/implementation/raw/IRConsistency.ql
2024/02/14 10:20:13         .codeql/libraries/codeql/cpp-all/0.12.2/semmle/code/cpp/ir/implementation/raw/Operand.qll
2024/02/14 10:20:13         .codeql/libraries/codeql/cpp-all/0.12.2/semmle/code/cpp/ir/implementation/raw/constant/internal/ConstantAnalysisInternal.qll
2024/02/14 10:20:13         .codeql/libraries/codeql/cpp-all/0.12.2/semmle/code/cpp/ir/implementation/raw/constant/PrintConstantAnalysis.qll
2024/02/14 10:20:13         .codeql/libraries/codeql/cpp-all/0.12.2/semmle/code/cpp/ir/implementation/raw/constant/ConstantAnalysis.qll
2024/02/14 10:20:13         .codeql/libraries/codeql/cpp-all/0.12.2/semmle/code/cpp/ir/implementation/raw/IRConsistency.qll
2024/02/14 10:20:13         .codeql/libraries/codeql/cpp-all/0.12.2/semmle/code/cpp/ir/implementation/raw/Instruction.qll
2024/02/14 10:20:13         .codeql/libraries/codeql/cpp-all/0.12.2/semmle/code/cpp/ir/implementation/raw/IRVariable.qll
2024/02/14 10:20:13         .codeql/libraries/codeql/cpp-all/0.12.2/semmle/code/cpp/ir/implementation/raw/gvn/ValueNumbering.qll
2024/02/14 10:20:13         .codeql/libraries/codeql/cpp-all/0.12.2/semmle/code/cpp/ir/implementation/raw/gvn/PrintValueNumbering.qll
2024/02/14 10:20:13         .codeql/libraries/codeql/cpp-all/0.12.2/semmle/code/cpp/ir/implementation/raw/gvn/internal/ValueNumberingInternal.qll
2024/02/14 10:20:13         .codeql/libraries/codeql/cpp-all/0.12.2/semmle/code/cpp/ir/implementation/raw/gvn/internal/ValueNumberingImports.qll
2024/02/14 10:20:13         .codeql/libraries/codeql/cpp-all/0.12.2/semmle/code/cpp/ir/implementation/raw/IRFunction.qll
2024/02/14 10:20:13         .codeql/libraries/codeql/cpp-all/0.12.2/semmle/code/cpp/ir/implementation/raw/PrintIR.ql
2024/02/14 10:20:13         .codeql/libraries/codeql/cpp-all/0.12.2/semmle/code/cpp/ir/implementation/raw/IRBlock.qll
2024/02/14 10:20:13         .codeql/libraries/codeql/cpp-all/0.12.2/semmle/code/cpp/ir/implementation/IRType.qll
2024/02/14 10:20:13         .codeql/libraries/codeql/cpp-all/0.12.2/semmle/code/cpp/ir/IRConfiguration.qll
2024/02/14 10:20:13         .codeql/libraries/codeql/cpp-all/0.12.2/semmle/code/cpp/ir/PrintIR.ql
2024/02/14 10:20:13         .codeql/libraries/codeql/cpp-all/0.12.2/semmle/code/cpp/commons/Strcat.qll
2024/02/14 10:20:13         .codeql/libraries/codeql/cpp-all/0.12.2/semmle/code/cpp/commons/Buffer.qll
2024/02/14 10:20:13         .codeql/libraries/codeql/cpp-all/0.12.2/semmle/code/cpp/commons/Printf.qll
2024/02/14 10:20:13         .codeql/libraries/codeql/cpp-all/0.12.2/semmle/code/cpp/commons/NULL.qll
2024/02/14 10:20:13         .codeql/libraries/codeql/cpp-all/0.12.2/semmle/code/cpp/commons/Assertions.qll
2024/02/14 10:20:13         .codeql/libraries/codeql/cpp-all/0.12.2/semmle/code/cpp/commons/Environment.qll
2024/02/14 10:20:13         .codeql/libraries/codeql/cpp-all/0.12.2/semmle/code/cpp/commons/CommonType.qll
2024/02/14 10:20:13         .codeql/libraries/codeql/cpp-all/0.12.2/semmle/code/cpp/commons/Synchronization.qll
2024/02/14 10:20:13         .codeql/libraries/codeql/cpp-all/0.12.2/semmle/code/cpp/commons/StringAnalysis.qll
2024/02/14 10:20:13         .codeql/libraries/codeql/cpp-all/0.12.2/semmle/code/cpp/commons/Scanf.qll
2024/02/14 10:20:13         .codeql/libraries/codeql/cpp-all/0.12.2/semmle/code/cpp/commons/VoidContext.qll
2024/02/14 10:20:13         .codeql/libraries/codeql/cpp-all/0.12.2/semmle/code/cpp/commons/unix/Constants.qll
2024/02/14 10:20:13         .codeql/libraries/codeql/cpp-all/0.12.2/semmle/code/cpp/commons/Exclusions.qll
2024/02/14 10:20:13         .codeql/libraries/codeql/cpp-all/0.12.2/semmle/code/cpp/commons/DateTime.qll
2024/02/14 10:20:13         .codeql/libraries/codeql/cpp-all/0.12.2/semmle/code/cpp/commons/NullTermination.qll
2024/02/14 10:20:13         .codeql/libraries/codeql/cpp-all/0.12.2/semmle/code/cpp/commons/PolymorphicClass.qll
2024/02/14 10:20:13         .codeql/libraries/codeql/cpp-all/0.12.2/semmle/code/cpp/commons/StructLikeClass.qll
2024/02/14 10:20:13         .codeql/libraries/codeql/cpp-all/0.12.2/semmle/code/cpp/commons/Alloc.qll
2024/02/14 10:20:13         .codeql/libraries/codeql/cpp-all/0.12.2/semmle/code/cpp/commons/File.qll
2024/02/14 10:20:13         .codeql/libraries/codeql/cpp-all/0.12.2/semmle/code/cpp/commons/Dependency.qll
2024/02/14 10:20:13         .codeql/libraries/codeql/cpp-all/0.12.2/semmle/code/cpp/Macro.qll
2024/02/14 10:20:13         .codeql/libraries/codeql/cpp-all/0.12.2/semmle/code/cpp/Linkage.qll
2024/02/14 10:20:13         .codeql/libraries/codeql/cpp-all/0.12.2/semmle/code/cpp/dispatch/VirtualDispatchPrototype.qll
2024/02/14 10:20:13         .codeql/libraries/codeql/cpp-all/0.12.2/semmle/code/cpp/Parameter.qll
2024/02/14 10:20:13         .codeql/libraries/codeql/cpp-all/0.12.2/semmle/code/cpp/Union.qll
2024/02/14 10:20:13         .codeql/libraries/codeql/cpp-all/0.12.2/semmle/code/cpp/internal/ResolveGlobalVariable.qll
2024/02/14 10:20:13         .codeql/libraries/codeql/cpp-all/0.12.2/semmle/code/cpp/internal/ResolveClass.qll
2024/02/14 10:20:13         .codeql/libraries/codeql/cpp-all/0.12.2/semmle/code/cpp/internal/AddressConstantExpression.qll
2024/02/14 10:20:13         .codeql/libraries/codeql/cpp-all/0.12.2/semmle/code/cpp/internal/QualifiedName.qll
2024/02/14 10:20:13         .codeql/libraries/codeql/cpp-all/0.12.2/semmle/code/cpp/internal/ExtractorVersion.qll
2024/02/14 10:20:13         .codeql/libraries/codeql/cpp-all/0.12.2/semmle/code/cpp/stmts/Block.qll
2024/02/14 10:20:13         .codeql/libraries/codeql/cpp-all/0.12.2/semmle/code/cpp/stmts/Stmt.qll
2024/02/14 10:20:13         .codeql/libraries/codeql/cpp-all/0.12.2/semmle/code/cpp/TypedefType.qll
2024/02/14 10:20:13         .codeql/libraries/codeql/cpp-all/0.12.2/semmle/code/cpp/ASTConsistency.ql
2024/02/14 10:20:13         .codeql/libraries/codeql/cpp-all/0.12.2/semmle/code/cpp/Struct.qll
2024/02/14 10:20:13         .codeql/libraries/codeql/cpp-all/0.12.2/semmle/code/cpp/Initializer.qll
2024/02/14 10:20:13         .codeql/libraries/codeql/cpp-all/0.12.2/semmle/code/cpp/models/Models.qll
2024/02/14 10:20:13         .codeql/libraries/codeql/cpp-all/0.12.2/semmle/code/cpp/models/implementations/Strftime.qll
2024/02/14 10:20:13         .codeql/libraries/codeql/cpp-all/0.12.2/semmle/code/cpp/models/implementations/Strcat.qll
2024/02/14 10:20:13         .codeql/libraries/codeql/cpp-all/0.12.2/semmle/code/cpp/models/implementations/GetDelim.qll
2024/02/14 10:20:13         .codeql/libraries/codeql/cpp-all/0.12.2/semmle/code/cpp/models/implementations/MemberFunction.qll
2024/02/14 10:20:13         .codeql/libraries/codeql/cpp-all/0.12.2/semmle/code/cpp/models/implementations/SqLite3.qll
2024/02/14 10:20:13         .codeql/libraries/codeql/cpp-all/0.12.2/semmle/code/cpp/models/implementations/Strset.qll
2024/02/14 10:20:13         .codeql/libraries/codeql/cpp-all/0.12.2/semmle/code/cpp/models/implementations/StdSet.qll
2024/02/14 10:20:13         .codeql/libraries/codeql/cpp-all/0.12.2/semmle/code/cpp/models/implementations/Printf.qll
2024/02/14 10:20:13         .codeql/libraries/codeql/cpp-all/0.12.2/semmle/code/cpp/models/implementations/MySql.qll
2024/02/14 10:20:13         .codeql/libraries/codeql/cpp-all/0.12.2/semmle/code/cpp/models/implementations/Memset.qll
2024/02/14 10:20:13         .codeql/libraries/codeql/cpp-all/0.12.2/semmle/code/cpp/models/implementations/Allocation.qll
2024/02/14 10:20:13         .codeql/libraries/codeql/cpp-all/0.12.2/semmle/code/cpp/models/implementations/Poll.qll
2024/02/14 10:20:13         .codeql/libraries/codeql/cpp-all/0.12.2/semmle/code/cpp/models/implementations/PostgreSql.qll
2024/02/14 10:20:13         .codeql/libraries/codeql/cpp-all/0.12.2/semmle/code/cpp/models/implementations/Strnextc.qll
2024/02/14 10:20:13         .codeql/libraries/codeql/cpp-all/0.12.2/semmle/code/cpp/models/implementations/Swap.qll
2024/02/14 10:20:13         .codeql/libraries/codeql/cpp-all/0.12.2/semmle/code/cpp/models/implementations/Deallocation.qll
2024/02/14 10:20:13         .codeql/libraries/codeql/cpp-all/0.12.2/semmle/code/cpp/models/implementations/Iterator.qll
2024/02/14 10:20:13         .codeql/libraries/codeql/cpp-all/0.12.2/semmle/code/cpp/models/implementations/ODBC.qll
2024/02/14 10:20:13         .codeql/libraries/codeql/cpp-all/0.12.2/semmle/code/cpp/models/implementations/Send.qll
2024/02/14 10:20:13         .codeql/libraries/codeql/cpp-all/0.12.2/semmle/code/cpp/models/implementations/Memcpy.qll
2024/02/14 10:20:13         .codeql/libraries/codeql/cpp-all/0.12.2/semmle/code/cpp/models/implementations/Fread.qll
2024/02/14 10:20:13         .codeql/libraries/codeql/cpp-all/0.12.2/semmle/code/cpp/models/implementations/Strcpy.qll
2024/02/14 10:20:13         .codeql/libraries/codeql/cpp-all/0.12.2/semmle/code/cpp/models/implementations/Scanf.qll
2024/02/14 10:20:13         .codeql/libraries/codeql/cpp-all/0.12.2/semmle/code/cpp/models/implementations/Accept.qll
2024/02/14 10:20:13         .codeql/libraries/codeql/cpp-all/0.12.2/semmle/code/cpp/models/implementations/StdString.qll
2024/02/14 10:20:13         .codeql/libraries/codeql/cpp-all/0.12.2/semmle/code/cpp/models/implementations/Getenv.qll
2024/02/14 10:20:13         .codeql/libraries/codeql/cpp-all/0.12.2/semmle/code/cpp/models/implementations/Strdup.qll
2024/02/14 10:20:13         .codeql/libraries/codeql/cpp-all/0.12.2/semmle/code/cpp/models/implementations/StdContainer.qll
2024/02/14 10:20:13         .codeql/libraries/codeql/cpp-all/0.12.2/semmle/code/cpp/models/implementations/Strcrement.qll
2024/02/14 10:20:13         .codeql/libraries/codeql/cpp-all/0.12.2/semmle/code/cpp/models/implementations/Select.qll
2024/02/14 10:20:13         .codeql/libraries/codeql/cpp-all/0.12.2/semmle/code/cpp/models/implementations/StdPair.qll
2024/02/14 10:20:13         .codeql/libraries/codeql/cpp-all/0.12.2/semmle/code/cpp/models/implementations/SmartPointer.qll
2024/02/14 10:20:13         .codeql/libraries/codeql/cpp-all/0.12.2/semmle/code/cpp/models/implementations/Gets.qll
2024/02/14 10:20:13         .codeql/libraries/codeql/cpp-all/0.12.2/semmle/code/cpp/models/implementations/Inet.qll
2024/02/14 10:20:13         .codeql/libraries/codeql/cpp-all/0.12.2/semmle/code/cpp/models/implementations/System.qll
2024/02/14 10:20:13         .codeql/libraries/codeql/cpp-all/0.12.2/semmle/code/cpp/models/implementations/Pure.qll
2024/02/14 10:20:13         .codeql/libraries/codeql/cpp-all/0.12.2/semmle/code/cpp/models/implementations/Strtol.qll
2024/02/14 10:20:13         .codeql/libraries/codeql/cpp-all/0.12.2/semmle/code/cpp/models/implementations/Recv.qll
2024/02/14 10:20:13         .codeql/libraries/codeql/cpp-all/0.12.2/semmle/code/cpp/models/implementations/Strtok.qll
2024/02/14 10:20:13         .codeql/libraries/codeql/cpp-all/0.12.2/semmle/code/cpp/models/implementations/StdMap.qll
2024/02/14 10:20:13         .codeql/libraries/codeql/cpp-all/0.12.2/semmle/code/cpp/models/implementations/IdentityFunction.qll
2024/02/14 10:20:13         .codeql/libraries/codeql/cpp-all/0.12.2/semmle/code/cpp/models/interfaces/Allocation.qll
2024/02/14 10:20:13         .codeql/libraries/codeql/cpp-all/0.12.2/semmle/code/cpp/models/interfaces/Taint.qll
2024/02/14 10:20:13         .codeql/libraries/codeql/cpp-all/0.12.2/semmle/code/cpp/models/interfaces/Deallocation.qll
2024/02/14 10:20:13         .codeql/libraries/codeql/cpp-all/0.12.2/semmle/code/cpp/models/interfaces/Iterator.qll
2024/02/14 10:20:13         .codeql/libraries/codeql/cpp-all/0.12.2/semmle/code/cpp/models/interfaces/FunctionInputsAndOutputs.qll
2024/02/14 10:20:13         .codeql/libraries/codeql/cpp-all/0.12.2/semmle/code/cpp/models/interfaces/Alias.qll
2024/02/14 10:20:13         .codeql/libraries/codeql/cpp-all/0.12.2/semmle/code/cpp/models/interfaces/PointerWrapper.qll
2024/02/14 10:20:13         .codeql/libraries/codeql/cpp-all/0.12.2/semmle/code/cpp/models/interfaces/CommandExecution.qll
2024/02/14 10:20:13         .codeql/libraries/codeql/cpp-all/0.12.2/semmle/code/cpp/models/interfaces/FormattingFunction.qll
2024/02/14 10:20:13         .codeql/libraries/codeql/cpp-all/0.12.2/semmle/code/cpp/models/interfaces/ArrayFunction.qll
2024/02/14 10:20:13         .codeql/libraries/codeql/cpp-all/0.12.2/semmle/code/cpp/models/interfaces/SideEffect.qll
2024/02/14 10:20:13         .codeql/libraries/codeql/cpp-all/0.12.2/semmle/code/cpp/models/interfaces/DataFlow.qll
2024/02/14 10:20:13         .codeql/libraries/codeql/cpp-all/0.12.2/semmle/code/cpp/models/interfaces/Sql.qll
2024/02/14 10:20:13         .codeql/libraries/codeql/cpp-all/0.12.2/semmle/code/cpp/models/interfaces/FlowSource.qll
2024/02/14 10:20:13         .codeql/libraries/codeql/cpp-all/0.12.2/semmle/code/cpp/exprs/Call.qll
2024/02/14 10:20:13         .codeql/libraries/codeql/cpp-all/0.12.2/semmle/code/cpp/exprs/Lambda.qll
2024/02/14 10:20:13         .codeql/libraries/codeql/cpp-all/0.12.2/semmle/code/cpp/exprs/BuiltInOperations.qll
2024/02/14 10:20:13         .codeql/libraries/codeql/cpp-all/0.12.2/semmle/code/cpp/exprs/ComparisonOperation.qll
2024/02/14 10:20:13         .codeql/libraries/codeql/cpp-all/0.12.2/semmle/code/cpp/exprs/Expr.qll
2024/02/14 10:20:13         .codeql/libraries/codeql/cpp-all/0.12.2/semmle/code/cpp/exprs/BitwiseOperation.qll
2024/02/14 10:20:13         .codeql/libraries/codeql/cpp-all/0.12.2/semmle/code/cpp/exprs/Assignment.qll
2024/02/14 10:20:13         .codeql/libraries/codeql/cpp-all/0.12.2/semmle/code/cpp/exprs/Literal.qll
2024/02/14 10:20:13         .codeql/libraries/codeql/cpp-all/0.12.2/semmle/code/cpp/exprs/LogicalOperation.qll
2024/02/14 10:20:13         .codeql/libraries/codeql/cpp-all/0.12.2/semmle/code/cpp/exprs/ArithmeticOperation.qll
2024/02/14 10:20:13         .codeql/libraries/codeql/cpp-all/0.12.2/semmle/code/cpp/exprs/Cast.qll
2024/02/14 10:20:13         .codeql/libraries/codeql/cpp-all/0.12.2/semmle/code/cpp/exprs/Access.qll
2024/02/14 10:20:13         .codeql/libraries/codeql/cpp-all/0.12.2/semmle/code/cpp/rangeanalysis/PointlessComparison.qll
2024/02/14 10:20:13         .codeql/libraries/codeql/cpp-all/0.12.2/semmle/code/cpp/rangeanalysis/NanAnalysis.qll
2024/02/14 10:20:13         .codeql/libraries/codeql/cpp-all/0.12.2/semmle/code/cpp/rangeanalysis/SimpleRangeAnalysis.qll
2024/02/14 10:20:13         .codeql/libraries/codeql/cpp-all/0.12.2/semmle/code/cpp/rangeanalysis/new/internal/semantic/SemanticExprSpecific.qll
2024/02/14 10:20:13         .codeql/libraries/codeql/cpp-all/0.12.2/semmle/code/cpp/rangeanalysis/new/internal/semantic/analysis/Bound.qll
2024/02/14 10:20:13         .codeql/libraries/codeql/cpp-all/0.12.2/semmle/code/cpp/rangeanalysis/new/internal/semantic/analysis/SignAnalysisCommon.qll
2024/02/14 10:20:13         .codeql/libraries/codeql/cpp-all/0.12.2/semmle/code/cpp/rangeanalysis/new/internal/semantic/analysis/RangeAnalysisConstantSpecific.qll
2024/02/14 10:20:13         .codeql/libraries/codeql/cpp-all/0.12.2/semmle/code/cpp/rangeanalysis/new/internal/semantic/analysis/RangeAnalysisRelativeSpecific.qll
2024/02/14 10:20:13         .codeql/libraries/codeql/cpp-all/0.12.2/semmle/code/cpp/rangeanalysis/new/internal/semantic/analysis/RangeAnalysis.qll
2024/02/14 10:20:13         .codeql/libraries/codeql/cpp-all/0.12.2/semmle/code/cpp/rangeanalysis/new/internal/semantic/analysis/RangeAnalysisImpl.qll
2024/02/14 10:20:13         .codeql/libraries/codeql/cpp-all/0.12.2/semmle/code/cpp/rangeanalysis/new/internal/semantic/analysis/ConstantAnalysis.qll
2024/02/14 10:20:13         .codeql/libraries/codeql/cpp-all/0.12.2/semmle/code/cpp/rangeanalysis/new/internal/semantic/analysis/Sign.qll
2024/02/14 10:20:13         .codeql/libraries/codeql/cpp-all/0.12.2/semmle/code/cpp/rangeanalysis/new/internal/semantic/analysis/SignAnalysisSpecific.qll
2024/02/14 10:20:13         .codeql/libraries/codeql/cpp-all/0.12.2/semmle/code/cpp/rangeanalysis/new/internal/semantic/analysis/FloatDelta.qll
2024/02/14 10:20:13         .codeql/libraries/codeql/cpp-all/0.12.2/semmle/code/cpp/rangeanalysis/new/internal/semantic/analysis/ConstantAnalysisSpecific.qll
2024/02/14 10:20:13         .codeql/libraries/codeql/cpp-all/0.12.2/semmle/code/cpp/rangeanalysis/new/internal/semantic/SemanticLocation.qll
2024/02/14 10:20:13         .codeql/libraries/codeql/cpp-all/0.12.2/semmle/code/cpp/rangeanalysis/new/internal/semantic/SemanticSSA.qll
2024/02/14 10:20:13         .codeql/libraries/codeql/cpp-all/0.12.2/semmle/code/cpp/rangeanalysis/new/internal/semantic/SemanticExpr.qll
2024/02/14 10:20:13         .codeql/libraries/codeql/cpp-all/0.12.2/semmle/code/cpp/rangeanalysis/new/internal/semantic/SemanticGuard.qll
2024/02/14 10:20:13         .codeql/libraries/codeql/cpp-all/0.12.2/semmle/code/cpp/rangeanalysis/new/internal/semantic/SemanticOpcode.qll
2024/02/14 10:20:13         .codeql/libraries/codeql/cpp-all/0.12.2/semmle/code/cpp/rangeanalysis/new/internal/semantic/Semantic.qll
2024/02/14 10:20:13         .codeql/libraries/codeql/cpp-all/0.12.2/semmle/code/cpp/rangeanalysis/new/internal/semantic/SemanticBound.qll
2024/02/14 10:20:13         .codeql/libraries/codeql/cpp-all/0.12.2/semmle/code/cpp/rangeanalysis/new/internal/semantic/SemanticType.qll
2024/02/14 10:20:13         .codeql/libraries/codeql/cpp-all/0.12.2/semmle/code/cpp/rangeanalysis/new/internal/semantic/SemanticTypeSpecific.qll
2024/02/14 10:20:13         .codeql/libraries/codeql/cpp-all/0.12.2/semmle/code/cpp/rangeanalysis/new/internal/semantic/SemanticCFG.qll
2024/02/14 10:20:13         .codeql/libraries/codeql/cpp-all/0.12.2/semmle/code/cpp/rangeanalysis/new/SimpleRangeAnalysis.qll
2024/02/14 10:20:13         .codeql/libraries/codeql/cpp-all/0.12.2/semmle/code/cpp/rangeanalysis/new/RangeAnalysis.qll
2024/02/14 10:20:13         .codeql/libraries/codeql/cpp-all/0.12.2/semmle/code/cpp/rangeanalysis/new/RangeAnalysisUtil.qll
2024/02/14 10:20:13         .codeql/libraries/codeql/cpp-all/0.12.2/semmle/code/cpp/rangeanalysis/RangeAnalysisUtils.qll
2024/02/14 10:20:13         .codeql/libraries/codeql/cpp-all/0.12.2/semmle/code/cpp/rangeanalysis/RangeSSA.qll
2024/02/14 10:20:13         .codeql/libraries/codeql/cpp-all/0.12.2/semmle/code/cpp/Type.qll
2024/02/14 10:20:13         .codeql/libraries/codeql/cpp-all/0.12.2/semmle/code/cpp/Include.qll
2024/02/14 10:20:13         .codeql/libraries/codeql/cpp-all/0.12.2/semmle/code/cpp/PrintAST.qll
2024/02/14 10:20:13         .codeql/libraries/codeql/cpp-all/0.12.2/semmle/code/cpp/headers/MultipleInclusion.qll
2024/02/14 10:20:13         .codeql/libraries/codeql/cpp-all/0.12.2/semmle/code/cpp/Variable.qll
2024/02/14 10:20:13         .codeql/libraries/codeql/cpp-all/0.12.2/semmle/code/cpp/Element.qll
2024/02/14 10:20:13         .codeql/libraries/codeql/cpp-all/0.12.2/semmle/code/cpp/Enclosing.qll
2024/02/14 10:20:13         .codeql/libraries/codeql/cpp-all/0.12.2/semmle/code/cpp/Class.qll
2024/02/14 10:20:13         .codeql/libraries/codeql/cpp-all/0.12.2/semmle/code/cpp/Iteration.qll
2024/02/14 10:20:13         .codeql/libraries/codeql/cpp-all/0.12.2/semmle/code/cpp/padding/Padding.qll
2024/02/14 10:20:13         .codeql/libraries/codeql/cpp-all/0.12.2/semmle/code/cpp/padding/ConsistencyCheck.ql
2024/02/14 10:20:13         .codeql/libraries/codeql/cpp-all/0.12.2/semmle/code/cpp/FriendDecl.qll
2024/02/14 10:20:13         .codeql/libraries/codeql/cpp-all/0.12.2/semmle/code/cpp/Field.qll
2024/02/14 10:20:13         .codeql/libraries/codeql/cpp-all/0.12.2/semmle/code/cpp/AutogeneratedFile.qll
2024/02/14 10:20:13         .codeql/libraries/codeql/cpp-all/0.12.2/semmle/code/cpp/NestedFields.qll
2024/02/14 10:20:13         .codeql/libraries/codeql/cpp-all/0.12.2/semmle/code/cpp/XML.qll
2024/02/14 10:20:13         .codeql/libraries/codeql/cpp-all/0.12.2/semmle/code/cpp/Member.qll
2024/02/14 10:20:13         .codeql/libraries/codeql/cpp-all/0.12.2/semmle/code/cpp/PODType03.qll
2024/02/14 10:20:13         .codeql/libraries/codeql/cpp-all/0.12.2/semmle/code/cpp/Function.qll
2024/02/14 10:20:13         .codeql/libraries/codeql/cpp-all/0.12.2/semmle/code/cpp/controlflow/DefinitionsAndUses.qll
2024/02/14 10:20:13         .codeql/libraries/codeql/cpp-all/0.12.2/semmle/code/cpp/controlflow/IRGuards.qll
2024/02/14 10:20:13         .codeql/libraries/codeql/cpp-all/0.12.2/semmle/code/cpp/controlflow/Dereferenced.qll
2024/02/14 10:20:13         .codeql/libraries/codeql/cpp-all/0.12.2/semmle/code/cpp/controlflow/internal/CFG.qll
2024/02/14 10:20:13         .codeql/libraries/codeql/cpp-all/0.12.2/semmle/code/cpp/controlflow/internal/ConstantExprs.qll
2024/02/14 10:20:13         .codeql/libraries/codeql/cpp-all/0.12.2/semmle/code/cpp/controlflow/internal/PrimitiveBasicBlocks.qll
2024/02/14 10:20:13         .codeql/libraries/codeql/cpp-all/0.12.2/semmle/code/cpp/controlflow/Nullness.qll
2024/02/14 10:20:13         .codeql/libraries/codeql/cpp-all/0.12.2/semmle/code/cpp/controlflow/Guards.qll
2024/02/14 10:20:13         .codeql/libraries/codeql/cpp-all/0.12.2/semmle/code/cpp/controlflow/Dominance.qll
2024/02/14 10:20:13         .codeql/libraries/codeql/cpp-all/0.12.2/semmle/code/cpp/controlflow/ControlFlowGraph.qll
2024/02/14 10:20:13         .codeql/libraries/codeql/cpp-all/0.12.2/semmle/code/cpp/controlflow/Dataflow.qll
2024/02/14 10:20:13         .codeql/libraries/codeql/cpp-all/0.12.2/semmle/code/cpp/controlflow/SubBasicBlocks.qll
2024/02/14 10:20:13         .codeql/libraries/codeql/cpp-all/0.12.2/semmle/code/cpp/controlflow/SSAUtils.qll
2024/02/14 10:20:13         .codeql/libraries/codeql/cpp-all/0.12.2/semmle/code/cpp/controlflow/StackVariableReachability.qll
2024/02/14 10:20:13         .codeql/libraries/codeql/cpp-all/0.12.2/semmle/code/cpp/controlflow/SSA.qll
2024/02/14 10:20:13         .codeql/libraries/codeql/cpp-all/0.12.2/semmle/code/cpp/controlflow/BasicBlocks.qll
2024/02/14 10:20:13         .codeql/libraries/codeql/cpp-all/0.12.2/semmle/code/cpp/Comments.qll
2024/02/14 10:20:13         .codeql/libraries/codeql/cpp-all/0.12.2/semmle/code/cpp/File.qll
2024/02/14 10:20:13         .codeql/libraries/codeql/cpp-all/0.12.2/semmle/code/cpp/Enum.qll
2024/02/14 10:20:13         .codeql/libraries/codeql/cpp-all/0.12.2/semmle/files/FileSystem.qll
2024/02/14 10:20:13         .codeql/libraries/codeql/cpp-all/0.12.2/cpp.qll
2024/02/14 10:20:13         .codeql/libraries/codeql/cpp-all/0.12.2/DefaultOptions.qll
2024/02/14 10:20:13         .codeql/libraries/codeql/cpp-all/0.12.2/localDefinitions.ql
2024/02/14 10:20:13         .codeql/libraries/codeql/cpp-all/0.12.2/upgrades/19887dbd33327fb07d54251786e0cb2578539775/semmlecode.cpp.dbscheme
2024/02/14 10:20:13         .codeql/libraries/codeql/cpp-all/0.12.2/upgrades/19887dbd33327fb07d54251786e0cb2578539775/old.dbscheme
2024/02/14 10:20:13         .codeql/libraries/codeql/cpp-all/0.12.2/upgrades/19887dbd33327fb07d54251786e0cb2578539775/builtintypes.ql
2024/02/14 10:20:13         .codeql/libraries/codeql/cpp-all/0.12.2/upgrades/19887dbd33327fb07d54251786e0cb2578539775/upgrade.properties
2024/02/14 10:20:13         .codeql/libraries/codeql/cpp-all/0.12.2/upgrades/d6ca4ebb7680e241b647e78b96999eaf9d84e5b7/semmlecode.cpp.dbscheme
2024/02/14 10:20:13         .codeql/libraries/codeql/cpp-all/0.12.2/upgrades/d6ca4ebb7680e241b647e78b96999eaf9d84e5b7/old.dbscheme
2024/02/14 10:20:13         .codeql/libraries/codeql/cpp-all/0.12.2/upgrades/d6ca4ebb7680e241b647e78b96999eaf9d84e5b7/upgrade.properties
2024/02/14 10:20:13         .codeql/libraries/codeql/cpp-all/0.12.2/upgrades/2cd420191e5f782589b4e4efb70127de265390dd/semmlecode.cpp.dbscheme
2024/02/14 10:20:13         .codeql/libraries/codeql/cpp-all/0.12.2/upgrades/2cd420191e5f782589b4e4efb70127de265390dd/old.dbscheme
2024/02/14 10:20:13         .codeql/libraries/codeql/cpp-all/0.12.2/upgrades/2cd420191e5f782589b4e4efb70127de265390dd/upgrade.properties
2024/02/14 10:20:13         .codeql/libraries/codeql/cpp-all/0.12.2/upgrades/018f430097e80bcf4b2786c989dae94b7d82b819/semmlecode.cpp.dbscheme
2024/02/14 10:20:13         .codeql/libraries/codeql/cpp-all/0.12.2/upgrades/018f430097e80bcf4b2786c989dae94b7d82b819/old.dbscheme
2024/02/14 10:20:13         .codeql/libraries/codeql/cpp-all/0.12.2/upgrades/018f430097e80bcf4b2786c989dae94b7d82b819/upgrade.properties
2024/02/14 10:20:13         .codeql/libraries/codeql/cpp-all/0.12.2/upgrades/cf72c8898d19eb1b3374432cf79d8276cb07ad43/semmlecode.cpp.dbscheme
2024/02/14 10:20:13         .codeql/libraries/codeql/cpp-all/0.12.2/upgrades/cf72c8898d19eb1b3374432cf79d8276cb07ad43/old.dbscheme
2024/02/14 10:20:13         .codeql/libraries/codeql/cpp-all/0.12.2/upgrades/cf72c8898d19eb1b3374432cf79d8276cb07ad43/upgrade.properties
2024/02/14 10:20:13         .codeql/libraries/codeql/cpp-all/0.12.2/upgrades/73af5058c6899dcdb05754c27ca966aeb3a68c94/semmlecode.cpp.dbscheme
2024/02/14 10:20:13         .codeql/libraries/codeql/cpp-all/0.12.2/upgrades/73af5058c6899dcdb05754c27ca966aeb3a68c94/old.dbscheme
2024/02/14 10:20:13         .codeql/libraries/codeql/cpp-all/0.12.2/upgrades/73af5058c6899dcdb05754c27ca966aeb3a68c94/upgrade.properties
2024/02/14 10:20:13         .codeql/libraries/codeql/cpp-all/0.12.2/upgrades/098850d25c4e9d417eb74c1bef9deb2f9d2dc417/semmlecode.cpp.dbscheme
2024/02/14 10:20:13         .codeql/libraries/codeql/cpp-all/0.12.2/upgrades/098850d25c4e9d417eb74c1bef9deb2f9d2dc417/old.dbscheme
2024/02/14 10:20:13         .codeql/libraries/codeql/cpp-all/0.12.2/upgrades/098850d25c4e9d417eb74c1bef9deb2f9d2dc417/upgrade.properties
2024/02/14 10:20:13         .codeql/libraries/codeql/cpp-all/0.12.2/upgrades/dbe9c8eb5fc6f54b7ae08c7317d0795b24961564/semmlecode.cpp.dbscheme
2024/02/14 10:20:13         .codeql/libraries/codeql/cpp-all/0.12.2/upgrades/dbe9c8eb5fc6f54b7ae08c7317d0795b24961564/old.dbscheme
2024/02/14 10:20:13         .codeql/libraries/codeql/cpp-all/0.12.2/upgrades/dbe9c8eb5fc6f54b7ae08c7317d0795b24961564/upgrade.properties
2024/02/14 10:20:13         .codeql/libraries/codeql/cpp-all/0.12.2/upgrades/f79ce79e3b751aeeed59e594633ba5c07a27ef3e/semmlecode.cpp.dbscheme
2024/02/14 10:20:13         .codeql/libraries/codeql/cpp-all/0.12.2/upgrades/f79ce79e3b751aeeed59e594633ba5c07a27ef3e/old.dbscheme
2024/02/14 10:20:13         .codeql/libraries/codeql/cpp-all/0.12.2/upgrades/f79ce79e3b751aeeed59e594633ba5c07a27ef3e/upgrade.properties
2024/02/14 10:20:13         .codeql/libraries/codeql/cpp-all/0.12.2/upgrades/f96ad9b2da43bbc9e55a72a165febd270ae07981/semmlecode.cpp.dbscheme
2024/02/14 10:20:13         .codeql/libraries/codeql/cpp-all/0.12.2/upgrades/f96ad9b2da43bbc9e55a72a165febd270ae07981/old.dbscheme
2024/02/14 10:20:13         .codeql/libraries/codeql/cpp-all/0.12.2/upgrades/f96ad9b2da43bbc9e55a72a165febd270ae07981/upgrade.properties
2024/02/14 10:20:13         .codeql/libraries/codeql/cpp-all/0.12.2/upgrades/cac7e92107084af19112986145f72b8de646c39d/semmlecode.cpp.dbscheme
2024/02/14 10:20:13         .codeql/libraries/codeql/cpp-all/0.12.2/upgrades/cac7e92107084af19112986145f72b8de646c39d/old.dbscheme
2024/02/14 10:20:13         .codeql/libraries/codeql/cpp-all/0.12.2/upgrades/cac7e92107084af19112986145f72b8de646c39d/valuetext.ql
2024/02/14 10:20:13         .codeql/libraries/codeql/cpp-all/0.12.2/upgrades/cac7e92107084af19112986145f72b8de646c39d/values.ql
2024/02/14 10:20:13         .codeql/libraries/codeql/cpp-all/0.12.2/upgrades/cac7e92107084af19112986145f72b8de646c39d/upgrade.properties
2024/02/14 10:20:13         .codeql/libraries/codeql/cpp-all/0.12.2/upgrades/2074f1cc7a3659ad555465a8025a8f2b7687896b/semmlecode.cpp.dbscheme
2024/02/14 10:20:13         .codeql/libraries/codeql/cpp-all/0.12.2/upgrades/2074f1cc7a3659ad555465a8025a8f2b7687896b/old.dbscheme
2024/02/14 10:20:13         .codeql/libraries/codeql/cpp-all/0.12.2/upgrades/2074f1cc7a3659ad555465a8025a8f2b7687896b/upgrade.properties
2024/02/14 10:20:13         .codeql/libraries/codeql/cpp-all/0.12.2/upgrades/282c13bfdbcbd57a887972b47a471342a4ad5507/semmlecode.cpp.dbscheme
2024/02/14 10:20:13         .codeql/libraries/codeql/cpp-all/0.12.2/upgrades/282c13bfdbcbd57a887972b47a471342a4ad5507/member_function_this_type.ql
2024/02/14 10:20:13         .codeql/libraries/codeql/cpp-all/0.12.2/upgrades/282c13bfdbcbd57a887972b47a471342a4ad5507/old.dbscheme
2024/02/14 10:20:13         .codeql/libraries/codeql/cpp-all/0.12.2/upgrades/282c13bfdbcbd57a887972b47a471342a4ad5507/upgrade.properties
2024/02/14 10:20:13         .codeql/libraries/codeql/cpp-all/0.12.2/upgrades/initial/semmlecode.cpp.dbscheme
2024/02/14 10:20:13         .codeql/libraries/codeql/cpp-all/0.12.2/upgrades/874439f4c501cb03a39fba053eef9d384216bbf2/semmlecode.cpp.dbscheme
2024/02/14 10:20:13         .codeql/libraries/codeql/cpp-all/0.12.2/upgrades/874439f4c501cb03a39fba053eef9d384216bbf2/old.dbscheme
2024/02/14 10:20:13         .codeql/libraries/codeql/cpp-all/0.12.2/upgrades/874439f4c501cb03a39fba053eef9d384216bbf2/upgrade.properties
2024/02/14 10:20:13         .codeql/libraries/codeql/cpp-all/0.12.2/upgrades/b5fa4fb0283c4accf2d85d559aeb2bba914c102b/semmlecode.cpp.dbscheme
2024/02/14 10:20:13         .codeql/libraries/codeql/cpp-all/0.12.2/upgrades/b5fa4fb0283c4accf2d85d559aeb2bba914c102b/old.dbscheme
2024/02/14 10:20:13         .codeql/libraries/codeql/cpp-all/0.12.2/upgrades/b5fa4fb0283c4accf2d85d559aeb2bba914c102b/upgrade.properties
2024/02/14 10:20:13         .codeql/libraries/codeql/cpp-all/0.12.2/upgrades/7144cc0986f3ab58a568058e143acecc6429c9d1/semmlecode.cpp.dbscheme
2024/02/14 10:20:13         .codeql/libraries/codeql/cpp-all/0.12.2/upgrades/7144cc0986f3ab58a568058e143acecc6429c9d1/old.dbscheme
2024/02/14 10:20:13         .codeql/libraries/codeql/cpp-all/0.12.2/upgrades/7144cc0986f3ab58a568058e143acecc6429c9d1/upgrade.properties
2024/02/14 10:20:13         .codeql/libraries/codeql/cpp-all/0.12.2/upgrades/98a075d5495d7be7ede26557708cf22cfa3964ef/semmlecode.cpp.dbscheme
2024/02/14 10:20:13         .codeql/libraries/codeql/cpp-all/0.12.2/upgrades/98a075d5495d7be7ede26557708cf22cfa3964ef/old.dbscheme
2024/02/14 10:20:13         .codeql/libraries/codeql/cpp-all/0.12.2/upgrades/98a075d5495d7be7ede26557708cf22cfa3964ef/upgrade.properties
2024/02/14 10:20:13         .codeql/libraries/codeql/cpp-all/0.12.2/upgrades/19e31bf071f588bb7efd1e4d5a185ce4f6fbbd84/semmlecode.cpp.dbscheme
2024/02/14 10:20:13         .codeql/libraries/codeql/cpp-all/0.12.2/upgrades/19e31bf071f588bb7efd1e4d5a185ce4f6fbbd84/old.dbscheme
2024/02/14 10:20:13         .codeql/libraries/codeql/cpp-all/0.12.2/upgrades/19e31bf071f588bb7efd1e4d5a185ce4f6fbbd84/upgrade.properties
2024/02/14 10:20:13         .codeql/libraries/codeql/cpp-all/0.12.2/upgrades/8cba93a44180e0d50a80a660950800d822b981fc/semmlecode.cpp.dbscheme
2024/02/14 10:20:13         .codeql/libraries/codeql/cpp-all/0.12.2/upgrades/8cba93a44180e0d50a80a660950800d822b981fc/old.dbscheme
2024/02/14 10:20:13         .codeql/libraries/codeql/cpp-all/0.12.2/upgrades/8cba93a44180e0d50a80a660950800d822b981fc/upgrade.properties
2024/02/14 10:20:13         .codeql/libraries/codeql/cpp-all/0.12.2/upgrades/34549c3b0937002f11037d01822ebe99442c1402/semmlecode.cpp.dbscheme
2024/02/14 10:20:13         .codeql/libraries/codeql/cpp-all/0.12.2/upgrades/34549c3b0937002f11037d01822ebe99442c1402/old.dbscheme
2024/02/14 10:20:13         .codeql/libraries/codeql/cpp-all/0.12.2/upgrades/34549c3b0937002f11037d01822ebe99442c1402/upgrade.properties
2024/02/14 10:20:13         .codeql/libraries/codeql/cpp-all/0.12.2/upgrades/731597194dc44772ca4c2baa5e76679165bf33ea/semmlecode.cpp.dbscheme
2024/02/14 10:20:13         .codeql/libraries/codeql/cpp-all/0.12.2/upgrades/731597194dc44772ca4c2baa5e76679165bf33ea/old.dbscheme
2024/02/14 10:20:13         .codeql/libraries/codeql/cpp-all/0.12.2/upgrades/731597194dc44772ca4c2baa5e76679165bf33ea/upgrade.properties
2024/02/14 10:20:13         .codeql/libraries/codeql/cpp-all/0.12.2/upgrades/bd182f697bf1316c401421d64e582871331a69f4/semmlecode.cpp.dbscheme
2024/02/14 10:20:13         .codeql/libraries/codeql/cpp-all/0.12.2/upgrades/bd182f697bf1316c401421d64e582871331a69f4/old.dbscheme
2024/02/14 10:20:13         .codeql/libraries/codeql/cpp-all/0.12.2/upgrades/bd182f697bf1316c401421d64e582871331a69f4/upgrade.properties
2024/02/14 10:20:13         .codeql/libraries/codeql/cpp-all/0.12.2/upgrades/a5bb28ed29f73855d64cc5f939cef977fa8fd19a/semmlecode.cpp.dbscheme
2024/02/14 10:20:13         .codeql/libraries/codeql/cpp-all/0.12.2/upgrades/a5bb28ed29f73855d64cc5f939cef977fa8fd19a/old.dbscheme
2024/02/14 10:20:13         .codeql/libraries/codeql/cpp-all/0.12.2/upgrades/a5bb28ed29f73855d64cc5f939cef977fa8fd19a/aggregate_array_init.ql
2024/02/14 10:20:13         .codeql/libraries/codeql/cpp-all/0.12.2/upgrades/a5bb28ed29f73855d64cc5f939cef977fa8fd19a/upgrade.properties
2024/02/14 10:20:13         .codeql/libraries/codeql/cpp-all/0.12.2/upgrades/a5bb28ed29f73855d64cc5f939cef977fa8fd19a/aggregate_field_init.ql
2024/02/14 10:20:13         .codeql/libraries/codeql/cpp-all/0.12.2/upgrades/c4c27a2661b3baaf1cfd8e370320a106b7f41e2e/semmlecode.cpp.dbscheme
2024/02/14 10:20:13         .codeql/libraries/codeql/cpp-all/0.12.2/upgrades/c4c27a2661b3baaf1cfd8e370320a106b7f41e2e/old.dbscheme
2024/02/14 10:20:13         .codeql/libraries/codeql/cpp-all/0.12.2/upgrades/c4c27a2661b3baaf1cfd8e370320a106b7f41e2e/upgrade.properties
2024/02/14 10:20:13         .codeql/libraries/codeql/cpp-all/0.12.2/upgrades/bb0f279f2acd793105a347d589b5afc8715d94c4/semmlecode.cpp.dbscheme
2024/02/14 10:20:13         .codeql/libraries/codeql/cpp-all/0.12.2/upgrades/bb0f279f2acd793105a347d589b5afc8715d94c4/old.dbscheme
2024/02/14 10:20:13         .codeql/libraries/codeql/cpp-all/0.12.2/upgrades/bb0f279f2acd793105a347d589b5afc8715d94c4/upgrade.properties
2024/02/14 10:20:13         .codeql/libraries/codeql/cpp-all/0.12.2/upgrades/950219747b684ffdd229775acfcc5267eea3dc4f/semmlecode.cpp.dbscheme
2024/02/14 10:20:13         .codeql/libraries/codeql/cpp-all/0.12.2/upgrades/950219747b684ffdd229775acfcc5267eea3dc4f/old.dbscheme
2024/02/14 10:20:13         .codeql/libraries/codeql/cpp-all/0.12.2/upgrades/950219747b684ffdd229775acfcc5267eea3dc4f/upgrade.properties
2024/02/14 10:20:13         .codeql/libraries/codeql/cpp-all/0.12.2/upgrades/678a0f9164f610429552ff211ec47d7975123d96/semmlecode.cpp.dbscheme
2024/02/14 10:20:13         .codeql/libraries/codeql/cpp-all/0.12.2/upgrades/678a0f9164f610429552ff211ec47d7975123d96/old.dbscheme
2024/02/14 10:20:13         .codeql/libraries/codeql/cpp-all/0.12.2/upgrades/678a0f9164f610429552ff211ec47d7975123d96/upgrade.properties
2024/02/14 10:20:13         .codeql/libraries/codeql/cpp-all/0.12.2/upgrades/eb4aee70e25cada13103d62ab38afedb5ceac08f/semmlecode.cpp.dbscheme
2024/02/14 10:20:13         .codeql/libraries/codeql/cpp-all/0.12.2/upgrades/eb4aee70e25cada13103d62ab38afedb5ceac08f/old.dbscheme
2024/02/14 10:20:13         .codeql/libraries/codeql/cpp-all/0.12.2/upgrades/eb4aee70e25cada13103d62ab38afedb5ceac08f/upgrade.properties
2024/02/14 10:20:13         .codeql/libraries/codeql/cpp-all/0.12.2/upgrades/75da61c94e19ae80a142f03a877ab9d0728752bc/semmlecode.cpp.dbscheme
2024/02/14 10:20:13         .codeql/libraries/codeql/cpp-all/0.12.2/upgrades/75da61c94e19ae80a142f03a877ab9d0728752bc/old.dbscheme
2024/02/14 10:20:13         .codeql/libraries/codeql/cpp-all/0.12.2/upgrades/75da61c94e19ae80a142f03a877ab9d0728752bc/upgrade.properties
2024/02/14 10:20:13         .codeql/libraries/codeql/cpp-all/0.12.2/upgrades/23f7cbb88a4eb29f30c3490363dc201bc054c5ff/semmlecode.cpp.dbscheme
2024/02/14 10:20:13         .codeql/libraries/codeql/cpp-all/0.12.2/upgrades/23f7cbb88a4eb29f30c3490363dc201bc054c5ff/old.dbscheme
2024/02/14 10:20:13         .codeql/libraries/codeql/cpp-all/0.12.2/upgrades/23f7cbb88a4eb29f30c3490363dc201bc054c5ff/upgrade.properties
2024/02/14 10:20:13         .codeql/libraries/codeql/cpp-all/0.12.2/upgrades/625f706f2a44ae8dc3fc168bfe2637e65c30b012/semmlecode.cpp.dbscheme
2024/02/14 10:20:13         .codeql/libraries/codeql/cpp-all/0.12.2/upgrades/625f706f2a44ae8dc3fc168bfe2637e65c30b012/old.dbscheme
2024/02/14 10:20:13         .codeql/libraries/codeql/cpp-all/0.12.2/upgrades/625f706f2a44ae8dc3fc168bfe2637e65c30b012/upgrade.properties
2024/02/14 10:20:13         .codeql/libraries/codeql/cpp-all/0.12.2/upgrades/5b388693c66db1e7dc2e76a90aa67a2b6eb74f0f/semmlecode.cpp.dbscheme
2024/02/14 10:20:13         .codeql/libraries/codeql/cpp-all/0.12.2/upgrades/5b388693c66db1e7dc2e76a90aa67a2b6eb74f0f/old.dbscheme
2024/02/14 10:20:13         .codeql/libraries/codeql/cpp-all/0.12.2/upgrades/5b388693c66db1e7dc2e76a90aa67a2b6eb74f0f/upgrade.properties
2024/02/14 10:20:13         .codeql/libraries/codeql/cpp-all/0.12.2/upgrades/81a312e6dafdffb650e1c7e3dc02cc37505e2505/semmlecode.cpp.dbscheme
2024/02/14 10:20:13         .codeql/libraries/codeql/cpp-all/0.12.2/upgrades/81a312e6dafdffb650e1c7e3dc02cc37505e2505/old.dbscheme
2024/02/14 10:20:13         .codeql/libraries/codeql/cpp-all/0.12.2/upgrades/81a312e6dafdffb650e1c7e3dc02cc37505e2505/upgrade.properties
2024/02/14 10:20:13         .codeql/libraries/codeql/cpp-all/0.12.2/upgrades/c82db4c596b8979eba9a8958e24353a5756d7a02/semmlecode.cpp.dbscheme
2024/02/14 10:20:13         .codeql/libraries/codeql/cpp-all/0.12.2/upgrades/c82db4c596b8979eba9a8958e24353a5756d7a02/old.dbscheme
2024/02/14 10:20:13         .codeql/libraries/codeql/cpp-all/0.12.2/upgrades/c82db4c596b8979eba9a8958e24353a5756d7a02/upgrade.properties
2024/02/14 10:20:13         .codeql/libraries/codeql/cpp-all/0.12.2/upgrades/7806a11dd7ab6611c4245b2e96b8ed13cb5c6056/semmlecode.cpp.dbscheme
2024/02/14 10:20:13         .codeql/libraries/codeql/cpp-all/0.12.2/upgrades/7806a11dd7ab6611c4245b2e96b8ed13cb5c6056/old.dbscheme
2024/02/14 10:20:13         .codeql/libraries/codeql/cpp-all/0.12.2/upgrades/7806a11dd7ab6611c4245b2e96b8ed13cb5c6056/upgrade.properties
2024/02/14 10:20:13         .codeql/libraries/codeql/cpp-all/0.12.2/upgrades/025827d85c3f44a7fd52d4fad636e9a4141f12dd/semmlecode.cpp.dbscheme
2024/02/14 10:20:13         .codeql/libraries/codeql/cpp-all/0.12.2/upgrades/025827d85c3f44a7fd52d4fad636e9a4141f12dd/old.dbscheme
2024/02/14 10:20:13         .codeql/libraries/codeql/cpp-all/0.12.2/upgrades/025827d85c3f44a7fd52d4fad636e9a4141f12dd/static_asserts.ql
2024/02/14 10:20:13         .codeql/libraries/codeql/cpp-all/0.12.2/upgrades/025827d85c3f44a7fd52d4fad636e9a4141f12dd/upgrade.properties
2024/02/14 10:20:13         .codeql/libraries/codeql/cpp-all/0.12.2/upgrades/c3e69834734e3ef4170e996c5b96a89619799346/semmlecode.cpp.dbscheme
2024/02/14 10:20:13         .codeql/libraries/codeql/cpp-all/0.12.2/upgrades/c3e69834734e3ef4170e996c5b96a89619799346/old.dbscheme
2024/02/14 10:20:13         .codeql/libraries/codeql/cpp-all/0.12.2/upgrades/c3e69834734e3ef4170e996c5b96a89619799346/upgrade.properties
2024/02/14 10:20:13         .codeql/libraries/codeql/cpp-all/0.12.2/upgrades/814fae599505510ff15102f4c72600586734770a/semmlecode.cpp.dbscheme
2024/02/14 10:20:13         .codeql/libraries/codeql/cpp-all/0.12.2/upgrades/814fae599505510ff15102f4c72600586734770a/lambda_capture.ql
2024/02/14 10:20:13         .codeql/libraries/codeql/cpp-all/0.12.2/upgrades/814fae599505510ff15102f4c72600586734770a/old.dbscheme
2024/02/14 10:20:13         .codeql/libraries/codeql/cpp-all/0.12.2/upgrades/814fae599505510ff15102f4c72600586734770a/upgrade.properties
2024/02/14 10:20:13         .codeql/libraries/codeql/cpp-all/0.12.2/upgrades/c9ac0461491edef3b1ab79f03d007a47522dda90/semmlecode.cpp.dbscheme
2024/02/14 10:20:13         .codeql/libraries/codeql/cpp-all/0.12.2/upgrades/c9ac0461491edef3b1ab79f03d007a47522dda90/old.dbscheme
2024/02/14 10:20:13         .codeql/libraries/codeql/cpp-all/0.12.2/upgrades/c9ac0461491edef3b1ab79f03d007a47522dda90/upgrade.properties
2024/02/14 10:20:13         .codeql/libraries/codeql/cpp-all/0.12.2/upgrades/ef73d8cf906d356a00a10d0e8dc0e1c1e66d210c/semmlecode.cpp.dbscheme
2024/02/14 10:20:13         .codeql/libraries/codeql/cpp-all/0.12.2/upgrades/ef73d8cf906d356a00a10d0e8dc0e1c1e66d210c/old.dbscheme
2024/02/14 10:20:13         .codeql/libraries/codeql/cpp-all/0.12.2/upgrades/ef73d8cf906d356a00a10d0e8dc0e1c1e66d210c/upgrade.properties
2024/02/14 10:20:13         .codeql/libraries/codeql/cpp-all/0.12.2/upgrades/ddd31fd02e51ad270bc9e6712708e5a5b6881518/semmlecode.cpp.dbscheme
2024/02/14 10:20:13         .codeql/libraries/codeql/cpp-all/0.12.2/upgrades/ddd31fd02e51ad270bc9e6712708e5a5b6881518/old.dbscheme
2024/02/14 10:20:13         .codeql/libraries/codeql/cpp-all/0.12.2/upgrades/ddd31fd02e51ad270bc9e6712708e5a5b6881518/upgrade.properties
2024/02/14 10:20:13         .codeql/libraries/codeql/cpp-all/0.12.2/upgrades/ba86bebea4c7a8235c2fa0e220391fbd4446a087/semmlecode.cpp.dbscheme
2024/02/14 10:20:13         .codeql/libraries/codeql/cpp-all/0.12.2/upgrades/ba86bebea4c7a8235c2fa0e220391fbd4446a087/old.dbscheme
2024/02/14 10:20:13         .codeql/libraries/codeql/cpp-all/0.12.2/upgrades/ba86bebea4c7a8235c2fa0e220391fbd4446a087/upgrade.properties
2024/02/14 10:20:13         .codeql/libraries/codeql/cpp-all/0.12.2/upgrades/0ed3da4a31c3a3dd01d9bb84d7908cf64b9f31a3/semmlecode.cpp.dbscheme
2024/02/14 10:20:13         .codeql/libraries/codeql/cpp-all/0.12.2/upgrades/0ed3da4a31c3a3dd01d9bb84d7908cf64b9f31a3/old.dbscheme
2024/02/14 10:20:13         .codeql/libraries/codeql/cpp-all/0.12.2/upgrades/0ed3da4a31c3a3dd01d9bb84d7908cf64b9f31a3/upgrade.properties
2024/02/14 10:20:13         .codeql/libraries/codeql/cpp-all/0.12.2/upgrades/d77c09d8bdc172c9201dec293de1e14c931d3f05/semmlecode.cpp.dbscheme
2024/02/14 10:20:13         .codeql/libraries/codeql/cpp-all/0.12.2/upgrades/d77c09d8bdc172c9201dec293de1e14c931d3f05/old.dbscheme
2024/02/14 10:20:13         .codeql/libraries/codeql/cpp-all/0.12.2/upgrades/d77c09d8bdc172c9201dec293de1e14c931d3f05/upgrade.properties
2024/02/14 10:20:13         .codeql/libraries/codeql/cpp-all/0.12.2/upgrades/e9a518baf14f4322ac243578a8e1391386ff030f/semmlecode.cpp.dbscheme
2024/02/14 10:20:13         .codeql/libraries/codeql/cpp-all/0.12.2/upgrades/e9a518baf14f4322ac243578a8e1391386ff030f/old.dbscheme
2024/02/14 10:20:13         .codeql/libraries/codeql/cpp-all/0.12.2/upgrades/e9a518baf14f4322ac243578a8e1391386ff030f/exprparents.ql
2024/02/14 10:20:13         .codeql/libraries/codeql/cpp-all/0.12.2/upgrades/e9a518baf14f4322ac243578a8e1391386ff030f/upgrade.properties
2024/02/14 10:20:13         .codeql/libraries/codeql/cpp-all/0.12.2/upgrades/e9a518baf14f4322ac243578a8e1391386ff030f/stmtparents.ql
2024/02/14 10:20:13         .codeql/libraries/codeql/cpp-all/0.12.2/external/ExternalArtifact.qll
2024/02/14 10:20:13         .codeql/precompiled/10b458hvst9olttsvgfht93jnq1.bytes.qlx
2024/02/14 10:20:13         .codeql/precompiled/9721a65s9uiebiiuuubkhnm0646.bytes.qlx
2024/02/14 10:20:13         .codeql/precompiled/0a41314pud9gk3ikj5gn4ng014f.bytes.qlx
2024/02/14 10:20:13         .codeql/precompiled/1a3147iakngg337hdg566ibt8j6.bytes.qlx
2024/02/14 10:20:13         .codeql/precompiled/d00cbe52un1d5jc452dpo3mfupb.bytes.qlx
2024/02/14 10:20:13         FlatBuffersFunc.qlx
2024/02/14 10:20:15 << 201 https://api.github.com/repos/hohn/mirva-controller/code-scanning/codeql/variant-analyses
2024/02/14 10:20:15 >> response body: {
    "id": 9057,
    "controller_repo": {
        "id": 747492529,
        "node_id": "R_kgDOLI3UsQ",
        "name": "mirva-controller",
        "full_name": "hohn/mirva-controller",
        "private": false,
        "owner": {
            "login": "hohn",
            "id": 2253228,
            "node_id": "MDQ6VXNlcjIyNTMyMjg=",
            "avatar_url": "https://avatars.githubusercontent.com/u/2253228?v=4",
            "gravatar_id": "",
            "url": "https://api.github.com/users/hohn",
            "html_url": "https://github.com/hohn",
            "followers_url": "https://api.github.com/users/hohn/followers",
            "following_url": "https://api.github.com/users/hohn/following{/other_user}",
            "gists_url": "https://api.github.com/users/hohn/gists{/gist_id}",
            "starred_url": "https://api.github.com/users/hohn/starred{/owner}{/repo}",
            "subscriptions_url": "https://api.github.com/users/hohn/subscriptions",
            "organizations_url": "https://api.github.com/users/hohn/orgs",
            "repos_url": "https://api.github.com/users/hohn/repos",
            "events_url": "https://api.github.com/users/hohn/events{/privacy}",
            "received_events_url": "https://api.github.com/users/hohn/received_events",
            "type": "User",
            "site_admin": true
        },
        "html_url": "https://github.com/hohn/mirva-controller",
        "description": "Controller for MRVA",
        "fork": false,
        "url": "https://api.github.com/repos/hohn/mirva-controller",
        "forks_url": "https://api.github.com/repos/hohn/mirva-controller/forks",
        "keys_url": "https://api.github.com/repos/hohn/mirva-controller/keys{/key_id}",
        "collaborators_url": "https://api.github.com/repos/hohn/mirva-controller/collaborators{/collaborator}",
        "teams_url": "https://api.github.com/repos/hohn/mirva-controller/teams",
        "hooks_url": "https://api.github.com/repos/hohn/mirva-controller/hooks",
        "issue_events_url": "https://api.github.com/repos/hohn/mirva-controller/issues/events{/number}",
        "events_url": "https://api.github.com/repos/hohn/mirva-controller/events",
        "assignees_url": "https://api.github.com/repos/hohn/mirva-controller/assignees{/user}",
        "branches_url": "https://api.github.com/repos/hohn/mirva-controller/branches{/branch}",
        "tags_url": "https://api.github.com/repos/hohn/mirva-controller/tags",
        "blobs_url": "https://api.github.com/repos/hohn/mirva-controller/git/blobs{/sha}",
        "git_tags_url": "https://api.github.com/repos/hohn/mirva-controller/git/tags{/sha}",
        "git_refs_url": "https://api.github.com/repos/hohn/mirva-controller/git/refs{/sha}",
        "trees_url": "https://api.github.com/repos/hohn/mirva-controller/git/trees{/sha}",
        "statuses_url": "https://api.github.com/repos/hohn/mirva-controller/statuses/{sha}",
        "languages_url": "https://api.github.com/repos/hohn/mirva-controller/languages",
        "stargazers_url": "https://api.github.com/repos/hohn/mirva-controller/stargazers",
        "contributors_url": "https://api.github.com/repos/hohn/mirva-controller/contributors",
        "subscribers_url": "https://api.github.com/repos/hohn/mirva-controller/subscribers",
        "subscription_url": "https://api.github.com/repos/hohn/mirva-controller/subscription",
        "commits_url": "https://api.github.com/repos/hohn/mirva-controller/commits{/sha}",
        "git_commits_url": "https://api.github.com/repos/hohn/mirva-controller/git/commits{/sha}",
        "comments_url": "https://api.github.com/repos/hohn/mirva-controller/comments{/number}",
        "issue_comment_url": "https://api.github.com/repos/hohn/mirva-controller/issues/comments{/number}",
        "contents_url": "https://api.github.com/repos/hohn/mirva-controller/contents/{+path}",
        "compare_url": "https://api.github.com/repos/hohn/mirva-controller/compare/{base}...{head}",
        "merges_url": "https://api.github.com/repos/hohn/mirva-controller/merges",
        "archive_url": "https://api.github.com/repos/hohn/mirva-controller/{archive_format}{/ref}",
        "downloads_url": "https://api.github.com/repos/hohn/mirva-controller/downloads",
        "issues_url": "https://api.github.com/repos/hohn/mirva-controller/issues{/number}",
        "pulls_url": "https://api.github.com/repos/hohn/mirva-controller/pulls{/number}",
        "milestones_url": "https://api.github.com/repos/hohn/mirva-controller/milestones{/number}",
        "notifications_url": "https://api.github.com/repos/hohn/mirva-controller/notifications{?since,all,participating}",
        "labels_url": "https://api.github.com/repos/hohn/mirva-controller/labels{/name}",
        "releases_url": "https://api.github.com/repos/hohn/mirva-controller/releases{/id}",
        "deployments_url": "https://api.github.com/repos/hohn/mirva-controller/deployments"
    },
    "actor": {
        "login": "hohn",
        "id": 2253228,
        "node_id": "MDQ6VXNlcjIyNTMyMjg=",
        "avatar_url": "https://avatars.githubusercontent.com/u/2253228?v=4",
        "gravatar_id": "",
        "url": "https://api.github.com/users/hohn",
        "html_url": "https://github.com/hohn",
        "followers_url": "https://api.github.com/users/hohn/followers",
        "following_url": "https://api.github.com/users/hohn/following{/other_user}",
        "gists_url": "https://api.github.com/users/hohn/gists{/gist_id}",
        "starred_url": "https://api.github.com/users/hohn/starred{/owner}{/repo}",
        "subscriptions_url": "https://api.github.com/users/hohn/subscriptions",
        "organizations_url": "https://api.github.com/users/hohn/orgs",
        "repos_url": "https://api.github.com/users/hohn/repos",
        "events_url": "https://api.github.com/users/hohn/events{/privacy}",
        "received_events_url": "https://api.github.com/users/hohn/received_events",
        "type": "User",
        "site_admin": true
    },
    "query_language": "cpp",
    "query_pack_url": "https://objects-origin.githubusercontent.com/codeql-query-console/variant_analyses/9057/query_pack?X-Amz-Algorithm=AWS4-HMAC-SHA256&X-Amz-Credential=queryconsoleprod%2F20240214%2Fus-east-1%2Fs3%2Faws4_request&X-Amz-Date=20240214T182019Z&X-Amz-Expires=3600&X-Amz-Signature=a7feea34d1ef82ccba00296bde67893de9f2fc380c5a122a7554ccd140f0fb45&X-Amz-SignedHeaders=host",
    "created_at": "2024-02-14T18:20:18Z",
    "updated_at": "2024-02-14T18:20:19Z",
    "status": "in_progress",
    "skipped_repositories": {
        "access_mismatch_repos": {
            "repository_count": 0,
            "repositories": []
        },
        "not_found_repos": {
            "repository_count": 0,
            "repository_full_names": []
        },
        "no_codeql_db_repos": {
            "repository_count": 0,
            "repositories": []
        },
        "over_limit_repos": {
            "repository_count": 0,
            "repositories": []
        }
    }
}
Done!
