# Check the status
./gh-mrva status --session mirva-session-$SN |& tee log-$SN-status.out


2024/02/08 15:27:29 >> GET https://api.github.com/repos/hohn/mirva-controller/code-scanning/codeql/variant-analyses/8985
2024/02/08 15:27:29 << 200 https://api.github.com/repos/hohn/mirva-controller/code-scanning/codeql/variant-analyses/8985
2024/02/08 15:27:29 >> Response body: {
  "id": 8985,
  "controller_repo": {
    "id": 747492529,
    "node_id": "R_kgDOLI3UsQ",
    "name": "mirva-controller",
    "full_name": "hohn/mirva-controller",
    "private": false,
    "owner": {
      "login": "hohn",
      "id": 2253228,
      "node_id": "MDQ6VXNlcjIyNTMyMjg=",
      "avatar_url": "https://avatars.githubusercontent.com/u/2253228?v=4",
      "gravatar_id": "",
      "url": "https://api.github.com/users/hohn",
      "html_url": "https://github.com/hohn",
      "followers_url": "https://api.github.com/users/hohn/followers",
      "following_url": "https://api.github.com/users/hohn/following{/other_user}",
      "gists_url": "https://api.github.com/users/hohn/gists{/gist_id}",
      "starred_url": "https://api.github.com/users/hohn/starred{/owner}{/repo}",
      "subscriptions_url": "https://api.github.com/users/hohn/subscriptions",
      "organizations_url": "https://api.github.com/users/hohn/orgs",
      "repos_url": "https://api.github.com/users/hohn/repos",
      "events_url": "https://api.github.com/users/hohn/events{/privacy}",
      "received_events_url": "https://api.github.com/users/hohn/received_events",
      "type": "User",
      "site_admin": true
    },
    "html_url": "https://github.com/hohn/mirva-controller",
    "description": "Controller for MRVA",
    "fork": false,
    "url": "https://api.github.com/repos/hohn/mirva-controller",
    "forks_url": "https://api.github.com/repos/hohn/mirva-controller/forks",
    "keys_url": "https://api.github.com/repos/hohn/mirva-controller/keys{/key_id}",
    "collaborators_url": "https://api.github.com/repos/hohn/mirva-controller/collaborators{/collaborator}",
    "teams_url": "https://api.github.com/repos/hohn/mirva-controller/teams",
    "hooks_url": "https://api.github.com/repos/hohn/mirva-controller/hooks",
    "issue_events_url": "https://api.github.com/repos/hohn/mirva-controller/issues/events{/number}",
    "events_url": "https://api.github.com/repos/hohn/mirva-controller/events",
    "assignees_url": "https://api.github.com/repos/hohn/mirva-controller/assignees{/user}",
    "branches_url": "https://api.github.com/repos/hohn/mirva-controller/branches{/branch}",
    "tags_url": "https://api.github.com/repos/hohn/mirva-controller/tags",
    "blobs_url": "https://api.github.com/repos/hohn/mirva-controller/git/blobs{/sha}",
    "git_tags_url": "https://api.github.com/repos/hohn/mirva-controller/git/tags{/sha}",
    "git_refs_url": "https://api.github.com/repos/hohn/mirva-controller/git/refs{/sha}",
    "trees_url": "https://api.github.com/repos/hohn/mirva-controller/git/trees{/sha}",
    "statuses_url": "https://api.github.com/repos/hohn/mirva-controller/statuses/{sha}",
    "languages_url": "https://api.github.com/repos/hohn/mirva-controller/languages",
    "stargazers_url": "https://api.github.com/repos/hohn/mirva-controller/stargazers",
    "contributors_url": "https://api.github.com/repos/hohn/mirva-controller/contributors",
    "subscribers_url": "https://api.github.com/repos/hohn/mirva-controller/subscribers",
    "subscription_url": "https://api.github.com/repos/hohn/mirva-controller/subscription",
    "commits_url": "https://api.github.com/repos/hohn/mirva-controller/commits{/sha}",
    "git_commits_url": "https://api.github.com/repos/hohn/mirva-controller/git/commits{/sha}",
    "comments_url": "https://api.github.com/repos/hohn/mirva-controller/comments{/number}",
    "issue_comment_url": "https://api.github.com/repos/hohn/mirva-controller/issues/comments{/number}",
    "contents_url": "https://api.github.com/repos/hohn/mirva-controller/contents/{+path}",
    "compare_url": "https://api.github.com/repos/hohn/mirva-controller/compare/{base}...{head}",
    "merges_url": "https://api.github.com/repos/hohn/mirva-controller/merges",
    "archive_url": "https://api.github.com/repos/hohn/mirva-controller/{archive_format}{/ref}",
    "downloads_url": "https://api.github.com/repos/hohn/mirva-controller/downloads",
    "issues_url": "https://api.github.com/repos/hohn/mirva-controller/issues{/number}",
    "pulls_url": "https://api.github.com/repos/hohn/mirva-controller/pulls{/number}",
    "milestones_url": "https://api.github.com/repos/hohn/mirva-controller/milestones{/number}",
    "notifications_url": "https://api.github.com/repos/hohn/mirva-controller/notifications{?since,all,participating}",
    "labels_url": "https://api.github.com/repos/hohn/mirva-controller/labels{/name}",
    "releases_url": "https://api.github.com/repos/hohn/mirva-controller/releases{/id}",
    "deployments_url": "https://api.github.com/repos/hohn/mirva-controller/deployments"
  },
  "actor": {
    "login": "hohn",
    "id": 2253228,
    "node_id": "MDQ6VXNlcjIyNTMyMjg=",
    "avatar_url": "https://avatars.githubusercontent.com/u/2253228?v=4",
    "gravatar_id": "",
    "url": "https://api.github.com/users/hohn",
    "html_url": "https://github.com/hohn",
    "followers_url": "https://api.github.com/users/hohn/followers",
    "following_url": "https://api.github.com/users/hohn/following{/other_user}",
    "gists_url": "https://api.github.com/users/hohn/gists{/gist_id}",
    "starred_url": "https://api.github.com/users/hohn/starred{/owner}{/repo}",
    "subscriptions_url": "https://api.github.com/users/hohn/subscriptions",
    "organizations_url": "https://api.github.com/users/hohn/orgs",
    "repos_url": "https://api.github.com/users/hohn/repos",
    "events_url": "https://api.github.com/users/hohn/events{/privacy}",
    "received_events_url": "https://api.github.com/users/hohn/received_events",
    "type": "User",
    "site_admin": true
  },
  "query_language": "cpp",
  "query_pack_url": "https://objects-origin.githubusercontent.com/codeql-query-console/variant_analyses/8985/query_pack?X-Amz-Algorithm=AWS4-HMAC-SHA256&X-Amz-Credential=queryconsoleprod%2F20240208%2Fus-east-1%2Fs3%2Faws4_request&X-Amz-Date=20240208T232733Z&X-Amz-Expires=3600&X-Amz-Signature=8eb6f15e173820073ab97b714121d8e7be62f2e04f2c4cd2192b36b252c8aaaa&X-Amz-SignedHeaders=host",
  "created_at": "2024-02-08T22:54:21Z",
  "updated_at": "2024-02-08T22:54:22Z",
  "actions_workflow_run_id": 7837027089,
  "completed_at": "2024-02-08T22:55:02Z",
  "status": "succeeded",
  "scanned_repositories": [
    {
      "repository": {
        "id": 19953044,
        "name": "flatbuffers",
        "full_name": "google/flatbuffers",
        "private": false,
        "stargazers_count": 21718,
        "updated_at": "2024-02-08T13:40:55Z"
      },
      "analysis_status": "succeeded",
      "result_count": 1,
      "artifact_size_in_bytes": 1325
    }
  ],
  "skipped_repositories": {
    "access_mismatch_repos": {
      "repository_count": 0,
      "repositories": []
    },
    "not_found_repos": {
      "repository_count": 0,
      "repository_full_names": []
    },
    "no_codeql_db_repos": {
      "repository_count": 0,
      "repositories": []
    },
    "over_limit_repos": {
      "repository_count": 0,
      "repositories": []
    }
  }
}

Run name: mirva-session-10
Status: succeeded
Total runs: 1
Total successful scans: 1
Total failed scans: 0
Total skipped repositories: 0
Total skipped repositories due to access mismatch: 0
Total skipped repositories due to not found: 0
Total skipped repositories due to no database: 0
Total skipped repositories due to over limit: 0
Total repositories with findings: 1
Total findings: 1
Repositories with findings:
  google/flatbuffers (cpp-flatbuffer-func): 1
